{"/Users/Adam_Sadowski/Coding/projects/gpw-analyzer/src/indicators/atr.js": {"path":"/Users/Adam_Sadowski/Coding/projects/gpw-analyzer/src/indicators/atr.js","all":false,"statementMap":{"0":{"start":{"line":1,"column":0},"end":{"line":1,"column":47}},"1":{"start":{"line":2,"column":0},"end":{"line":2,"column":46}},"2":{"start":{"line":3,"column":0},"end":{"line":3,"column":46}},"3":{"start":{"line":4,"column":0},"end":{"line":4,"column":27}},"4":{"start":{"line":5,"column":0},"end":{"line":5,"column":20}},"5":{"start":{"line":6,"column":0},"end":{"line":6,"column":21}},"6":{"start":{"line":7,"column":0},"end":{"line":7,"column":36}},"7":{"start":{"line":8,"column":0},"end":{"line":8,"column":36}},"8":{"start":{"line":9,"column":0},"end":{"line":9,"column":5}},"9":{"start":{"line":10,"column":0},"end":{"line":10,"column":4}},"10":{"start":{"line":11,"column":0},"end":{"line":11,"column":68}},"11":{"start":{"line":12,"column":0},"end":{"line":12,"column":45}},"12":{"start":{"line":13,"column":0},"end":{"line":13,"column":48}},"13":{"start":{"line":14,"column":0},"end":{"line":14,"column":3}},"14":{"start":{"line":15,"column":0},"end":{"line":15,"column":36}},"15":{"start":{"line":16,"column":0},"end":{"line":16,"column":1}}},"s":{"0":1,"1":7,"2":6,"3":294,"4":294,"5":294,"6":294,"7":294,"8":294,"9":6,"10":6,"11":7,"12":210,"13":210,"14":6,"15":6},"branchMap":{"0":{"type":"branch","line":1,"loc":{"start":{"line":1,"column":7},"end":{"line":16,"column":1}},"locations":[{"start":{"line":1,"column":7},"end":{"line":16,"column":1}}]},"1":{"type":"branch","line":2,"loc":{"start":{"line":2,"column":35},"end":{"line":12,"column":44}},"locations":[{"start":{"line":2,"column":35},"end":{"line":12,"column":44}}]},"2":{"type":"branch","line":2,"loc":{"start":{"line":2,"column":35},"end":{"line":2,"column":46}},"locations":[{"start":{"line":2,"column":35},"end":{"line":2,"column":46}}]},"3":{"type":"branch","line":12,"loc":{"start":{"line":12,"column":44},"end":{"line":14,"column":3}},"locations":[{"start":{"line":12,"column":44},"end":{"line":14,"column":3}}]},"4":{"type":"branch","line":14,"loc":{"start":{"line":14,"column":2},"end":{"line":16,"column":1}},"locations":[{"start":{"line":14,"column":2},"end":{"line":16,"column":1}}]},"5":{"type":"branch","line":3,"loc":{"start":{"line":3,"column":35},"end":{"line":10,"column":3}},"locations":[{"start":{"line":3,"column":35},"end":{"line":10,"column":3}}]},"6":{"type":"branch","line":11,"loc":{"start":{"line":11,"column":40},"end":{"line":11,"column":55}},"locations":[{"start":{"line":11,"column":40},"end":{"line":11,"column":55}}]}},"b":{"0":[7],"1":[6],"2":[1],"3":[210],"4":[6],"5":[294],"6":[84]},"fnMap":{"0":{"name":"calcATR","decl":{"start":{"line":1,"column":7},"end":{"line":16,"column":1}},"loc":{"start":{"line":1,"column":7},"end":{"line":16,"column":1}},"line":1}},"f":{"0":7}}
,"/Users/Adam_Sadowski/Coding/projects/gpw-analyzer/src/indicators/bollinger.js": {"path":"/Users/Adam_Sadowski/Coding/projects/gpw-analyzer/src/indicators/bollinger.js","all":false,"statementMap":{"0":{"start":{"line":1,"column":0},"end":{"line":1,"column":73}},"1":{"start":{"line":2,"column":0},"end":{"line":2,"column":41}},"2":{"start":{"line":3,"column":0},"end":{"line":3,"column":39}},"3":{"start":{"line":4,"column":0},"end":{"line":4,"column":59}},"4":{"start":{"line":5,"column":0},"end":{"line":5,"column":82}},"5":{"start":{"line":6,"column":0},"end":{"line":6,"column":37}},"6":{"start":{"line":7,"column":0},"end":{"line":7,"column":72}},"7":{"start":{"line":8,"column":0},"end":{"line":8,"column":72}},"8":{"start":{"line":9,"column":0},"end":{"line":9,"column":87}},"9":{"start":{"line":10,"column":0},"end":{"line":10,"column":76}},"10":{"start":{"line":11,"column":0},"end":{"line":11,"column":1}},"12":{"start":{"line":13,"column":0},"end":{"line":13,"column":73}},"13":{"start":{"line":14,"column":0},"end":{"line":14,"column":47}},"14":{"start":{"line":15,"column":0},"end":{"line":15,"column":43}},"15":{"start":{"line":16,"column":0},"end":{"line":16,"column":16}},"16":{"start":{"line":17,"column":0},"end":{"line":17,"column":19}},"18":{"start":{"line":19,"column":0},"end":{"line":19,"column":22}},"19":{"start":{"line":20,"column":0},"end":{"line":20,"column":16}},"20":{"start":{"line":21,"column":0},"end":{"line":21,"column":27}},"21":{"start":{"line":22,"column":0},"end":{"line":22,"column":29}},"22":{"start":{"line":23,"column":0},"end":{"line":23,"column":46}},"23":{"start":{"line":24,"column":0},"end":{"line":24,"column":20}},"24":{"start":{"line":25,"column":0},"end":{"line":25,"column":26}},"25":{"start":{"line":26,"column":0},"end":{"line":26,"column":3}},"27":{"start":{"line":28,"column":0},"end":{"line":28,"column":41}},"28":{"start":{"line":29,"column":0},"end":{"line":29,"column":28}},"29":{"start":{"line":30,"column":0},"end":{"line":30,"column":3}},"31":{"start":{"line":32,"column":0},"end":{"line":32,"column":37}},"32":{"start":{"line":33,"column":0},"end":{"line":33,"column":1}}},"s":{"0":1,"1":9,"2":8,"3":8,"4":8,"5":8,"6":8,"7":8,"8":9,"9":9,"10":9,"12":1,"13":10,"14":9,"15":9,"16":9,"18":10,"19":1,"20":1,"21":10,"22":5,"23":1,"24":5,"25":5,"27":10,"28":1,"29":1,"31":9,"32":9},"branchMap":{"0":{"type":"branch","line":1,"loc":{"start":{"line":1,"column":7},"end":{"line":11,"column":1}},"locations":[{"start":{"line":1,"column":7},"end":{"line":11,"column":1}}]},"1":{"type":"branch","line":2,"loc":{"start":{"line":2,"column":30},"end":{"line":2,"column":41}},"locations":[{"start":{"line":2,"column":30},"end":{"line":2,"column":41}}]},"2":{"type":"branch","line":2,"loc":{"start":{"line":2,"column":37},"end":{"line":9,"column":83}},"locations":[{"start":{"line":2,"column":37},"end":{"line":9,"column":83}}]},"3":{"type":"branch","line":9,"loc":{"start":{"line":9,"column":84},"end":{"line":9,"column":87}},"locations":[{"start":{"line":9,"column":84},"end":{"line":9,"column":87}}]},"4":{"type":"branch","line":4,"loc":{"start":{"line":4,"column":31},"end":{"line":4,"column":46}},"locations":[{"start":{"line":4,"column":31},"end":{"line":4,"column":46}}]},"5":{"type":"branch","line":5,"loc":{"start":{"line":5,"column":32},"end":{"line":5,"column":69}},"locations":[{"start":{"line":5,"column":32},"end":{"line":5,"column":69}}]},"6":{"type":"branch","line":13,"loc":{"start":{"line":13,"column":7},"end":{"line":33,"column":1}},"locations":[{"start":{"line":13,"column":7},"end":{"line":33,"column":1}}]},"7":{"type":"branch","line":14,"loc":{"start":{"line":14,"column":14},"end":{"line":14,"column":47}},"locations":[{"start":{"line":14,"column":14},"end":{"line":14,"column":47}}]},"8":{"type":"branch","line":14,"loc":{"start":{"line":14,"column":46},"end":{"line":19,"column":21}},"locations":[{"start":{"line":14,"column":46},"end":{"line":19,"column":21}}]},"9":{"type":"branch","line":19,"loc":{"start":{"line":19,"column":21},"end":{"line":22,"column":3}},"locations":[{"start":{"line":19,"column":21},"end":{"line":22,"column":3}}]},"10":{"type":"branch","line":22,"loc":{"start":{"line":22,"column":3},"end":{"line":26,"column":3}},"locations":[{"start":{"line":22,"column":3},"end":{"line":26,"column":3}}]},"11":{"type":"branch","line":22,"loc":{"start":{"line":22,"column":28},"end":{"line":26,"column":3}},"locations":[{"start":{"line":22,"column":28},"end":{"line":26,"column":3}}]},"12":{"type":"branch","line":23,"loc":{"start":{"line":23,"column":35},"end":{"line":24,"column":20}},"locations":[{"start":{"line":23,"column":35},"end":{"line":24,"column":20}}]},"13":{"type":"branch","line":23,"loc":{"start":{"line":23,"column":44},"end":{"line":24,"column":20}},"locations":[{"start":{"line":23,"column":44},"end":{"line":24,"column":20}}]},"14":{"type":"branch","line":26,"loc":{"start":{"line":26,"column":2},"end":{"line":28,"column":20}},"locations":[{"start":{"line":26,"column":2},"end":{"line":28,"column":20}}]},"15":{"type":"branch","line":28,"loc":{"start":{"line":28,"column":20},"end":{"line":28,"column":38}},"locations":[{"start":{"line":28,"column":20},"end":{"line":28,"column":38}}]},"16":{"type":"branch","line":28,"loc":{"start":{"line":28,"column":40},"end":{"line":30,"column":3}},"locations":[{"start":{"line":28,"column":40},"end":{"line":30,"column":3}}]},"17":{"type":"branch","line":30,"loc":{"start":{"line":30,"column":2},"end":{"line":33,"column":1}},"locations":[{"start":{"line":30,"column":2},"end":{"line":33,"column":1}}]}},"b":{"0":[9],"1":[1],"2":[8],"3":[0],"4":[160],"5":[160],"6":[10],"7":[1],"8":[9],"9":[1],"10":[8],"11":[5],"12":[4],"13":[1],"14":[9],"15":[1],"16":[1],"17":[9]},"fnMap":{"0":{"name":"calculateBollinger","decl":{"start":{"line":1,"column":7},"end":{"line":11,"column":1}},"loc":{"start":{"line":1,"column":7},"end":{"line":11,"column":1}},"line":1},"1":{"name":"getBollingerSignal","decl":{"start":{"line":13,"column":7},"end":{"line":33,"column":1}},"loc":{"start":{"line":13,"column":7},"end":{"line":33,"column":1}},"line":13}},"f":{"0":9,"1":10}}
,"/Users/Adam_Sadowski/Coding/projects/gpw-analyzer/src/indicators/macd.js": {"path":"/Users/Adam_Sadowski/Coding/projects/gpw-analyzer/src/indicators/macd.js","all":false,"statementMap":{"0":{"start":{"line":1,"column":0},"end":{"line":1,"column":40}},"1":{"start":{"line":2,"column":0},"end":{"line":2,"column":52}},"2":{"start":{"line":3,"column":0},"end":{"line":3,"column":43}},"3":{"start":{"line":4,"column":0},"end":{"line":4,"column":28}},"4":{"start":{"line":5,"column":0},"end":{"line":5,"column":82}},"5":{"start":{"line":6,"column":0},"end":{"line":6,"column":48}},"6":{"start":{"line":7,"column":0},"end":{"line":7,"column":55}},"7":{"start":{"line":8,"column":0},"end":{"line":8,"column":3}},"8":{"start":{"line":9,"column":0},"end":{"line":9,"column":15}},"9":{"start":{"line":10,"column":0},"end":{"line":10,"column":1}},"11":{"start":{"line":12,"column":0},"end":{"line":12,"column":39}},"12":{"start":{"line":13,"column":0},"end":{"line":13,"column":41}},"13":{"start":{"line":14,"column":0},"end":{"line":14,"column":41}},"15":{"start":{"line":16,"column":0},"end":{"line":16,"column":39}},"16":{"start":{"line":17,"column":0},"end":{"line":17,"column":40}},"17":{"start":{"line":18,"column":0},"end":{"line":18,"column":57}},"18":{"start":{"line":19,"column":0},"end":{"line":19,"column":13}},"19":{"start":{"line":20,"column":0},"end":{"line":20,"column":3}},"21":{"start":{"line":22,"column":0},"end":{"line":22,"column":52}},"22":{"start":{"line":23,"column":0},"end":{"line":23,"column":49}},"24":{"start":{"line":25,"column":0},"end":{"line":25,"column":52}},"25":{"start":{"line":26,"column":0},"end":{"line":26,"column":13}},"26":{"start":{"line":27,"column":0},"end":{"line":27,"column":43}},"27":{"start":{"line":28,"column":0},"end":{"line":28,"column":74}},"28":{"start":{"line":29,"column":0},"end":{"line":29,"column":3}},"30":{"start":{"line":31,"column":0},"end":{"line":31,"column":40}},"31":{"start":{"line":32,"column":0},"end":{"line":32,"column":44}},"32":{"start":{"line":33,"column":0},"end":{"line":33,"column":61}},"33":{"start":{"line":34,"column":0},"end":{"line":34,"column":13}},"34":{"start":{"line":35,"column":0},"end":{"line":35,"column":3}},"36":{"start":{"line":37,"column":0},"end":{"line":37,"column":40}},"37":{"start":{"line":38,"column":0},"end":{"line":38,"column":1}},"39":{"start":{"line":40,"column":0},"end":{"line":40,"column":37}},"40":{"start":{"line":41,"column":0},"end":{"line":41,"column":46}},"41":{"start":{"line":42,"column":0},"end":{"line":42,"column":34}},"42":{"start":{"line":43,"column":0},"end":{"line":43,"column":15}},"44":{"start":{"line":45,"column":0},"end":{"line":45,"column":46}},"45":{"start":{"line":46,"column":0},"end":{"line":46,"column":54}},"46":{"start":{"line":47,"column":0},"end":{"line":47,"column":61}},"47":{"start":{"line":48,"column":0},"end":{"line":48,"column":40}},"48":{"start":{"line":49,"column":0},"end":{"line":49,"column":40}},"49":{"start":{"line":50,"column":0},"end":{"line":50,"column":3}},"51":{"start":{"line":52,"column":0},"end":{"line":52,"column":54}},"52":{"start":{"line":53,"column":0},"end":{"line":53,"column":33}},"53":{"start":{"line":54,"column":0},"end":{"line":54,"column":27}},"54":{"start":{"line":55,"column":0},"end":{"line":55,"column":27}},"55":{"start":{"line":56,"column":0},"end":{"line":56,"column":3}},"57":{"start":{"line":58,"column":0},"end":{"line":58,"column":10}},"58":{"start":{"line":59,"column":0},"end":{"line":59,"column":10}},"59":{"start":{"line":60,"column":0},"end":{"line":60,"column":18}},"60":{"start":{"line":61,"column":0},"end":{"line":61,"column":19}},"61":{"start":{"line":62,"column":0},"end":{"line":62,"column":19}},"62":{"start":{"line":63,"column":0},"end":{"line":63,"column":79}},"63":{"start":{"line":64,"column":0},"end":{"line":64,"column":3}},"64":{"start":{"line":65,"column":0},"end":{"line":65,"column":1}}},"s":{"0":36,"1":36,"2":36,"3":33,"4":33,"5":36,"6":1128,"7":1128,"8":33,"9":33,"11":1,"12":12,"13":12,"15":12,"16":643,"17":643,"18":12,"19":12,"21":12,"22":12,"24":12,"25":12,"26":12,"27":643,"28":643,"30":12,"31":643,"32":643,"33":12,"34":12,"36":12,"37":12,"39":1,"40":9,"41":9,"42":9,"44":9,"45":9,"46":9,"47":9,"48":9,"49":9,"51":9,"52":9,"53":9,"54":9,"55":9,"57":9,"58":9,"59":9,"60":9,"61":9,"62":9,"63":9,"64":9},"branchMap":{"0":{"type":"branch","line":1,"loc":{"start":{"line":1,"column":0},"end":{"line":10,"column":1}},"locations":[{"start":{"line":1,"column":0},"end":{"line":10,"column":1}}]},"1":{"type":"branch","line":3,"loc":{"start":{"line":3,"column":30},"end":{"line":3,"column":43}},"locations":[{"start":{"line":3,"column":30},"end":{"line":3,"column":43}}]},"2":{"type":"branch","line":3,"loc":{"start":{"line":3,"column":37},"end":{"line":6,"column":47}},"locations":[{"start":{"line":3,"column":37},"end":{"line":6,"column":47}}]},"3":{"type":"branch","line":6,"loc":{"start":{"line":6,"column":47},"end":{"line":8,"column":3}},"locations":[{"start":{"line":6,"column":47},"end":{"line":8,"column":3}}]},"4":{"type":"branch","line":8,"loc":{"start":{"line":8,"column":2},"end":{"line":10,"column":1}},"locations":[{"start":{"line":8,"column":2},"end":{"line":10,"column":1}}]},"5":{"type":"branch","line":5,"loc":{"start":{"line":5,"column":54},"end":{"line":5,"column":69}},"locations":[{"start":{"line":5,"column":54},"end":{"line":5,"column":69}}]},"6":{"type":"branch","line":12,"loc":{"start":{"line":12,"column":7},"end":{"line":38,"column":1}},"locations":[{"start":{"line":12,"column":7},"end":{"line":38,"column":1}}]},"7":{"type":"branch","line":27,"loc":{"start":{"line":27,"column":42},"end":{"line":29,"column":3}},"locations":[{"start":{"line":27,"column":42},"end":{"line":29,"column":3}}]},"8":{"type":"branch","line":28,"loc":{"start":{"line":28,"column":29},"end":{"line":28,"column":74}},"locations":[{"start":{"line":28,"column":29},"end":{"line":28,"column":74}}]},"9":{"type":"branch","line":28,"loc":{"start":{"line":28,"column":58},"end":{"line":28,"column":65}},"locations":[{"start":{"line":28,"column":58},"end":{"line":28,"column":65}}]},"10":{"type":"branch","line":16,"loc":{"start":{"line":16,"column":30},"end":{"line":19,"column":12}},"locations":[{"start":{"line":16,"column":30},"end":{"line":19,"column":12}}]},"11":{"type":"branch","line":17,"loc":{"start":{"line":17,"column":21},"end":{"line":17,"column":40}},"locations":[{"start":{"line":17,"column":21},"end":{"line":17,"column":40}}]},"12":{"type":"branch","line":18,"loc":{"start":{"line":18,"column":6},"end":{"line":18,"column":57}},"locations":[{"start":{"line":18,"column":6},"end":{"line":18,"column":57}}]},"13":{"type":"branch","line":19,"loc":{"start":{"line":19,"column":6},"end":{"line":19,"column":12}},"locations":[{"start":{"line":19,"column":6},"end":{"line":19,"column":12}}]},"14":{"type":"branch","line":22,"loc":{"start":{"line":22,"column":37},"end":{"line":22,"column":51}},"locations":[{"start":{"line":22,"column":37},"end":{"line":22,"column":51}}]},"15":{"type":"branch","line":31,"loc":{"start":{"line":31,"column":31},"end":{"line":34,"column":12}},"locations":[{"start":{"line":31,"column":31},"end":{"line":34,"column":12}}]},"16":{"type":"branch","line":32,"loc":{"start":{"line":32,"column":24},"end":{"line":32,"column":44}},"locations":[{"start":{"line":32,"column":24},"end":{"line":32,"column":44}}]},"17":{"type":"branch","line":33,"loc":{"start":{"line":33,"column":6},"end":{"line":33,"column":61}},"locations":[{"start":{"line":33,"column":6},"end":{"line":33,"column":61}}]},"18":{"type":"branch","line":34,"loc":{"start":{"line":34,"column":6},"end":{"line":34,"column":12}},"locations":[{"start":{"line":34,"column":6},"end":{"line":34,"column":12}}]},"19":{"type":"branch","line":40,"loc":{"start":{"line":40,"column":7},"end":{"line":65,"column":1}},"locations":[{"start":{"line":40,"column":7},"end":{"line":65,"column":1}}]},"20":{"type":"branch","line":48,"loc":{"start":{"line":48,"column":17},"end":{"line":48,"column":27}},"locations":[{"start":{"line":48,"column":17},"end":{"line":48,"column":27}}]},"21":{"type":"branch","line":48,"loc":{"start":{"line":48,"column":29},"end":{"line":48,"column":40}},"locations":[{"start":{"line":48,"column":29},"end":{"line":48,"column":40}}]},"22":{"type":"branch","line":49,"loc":{"start":{"line":49,"column":17},"end":{"line":49,"column":27}},"locations":[{"start":{"line":49,"column":17},"end":{"line":49,"column":27}}]},"23":{"type":"branch","line":49,"loc":{"start":{"line":49,"column":29},"end":{"line":49,"column":40}},"locations":[{"start":{"line":49,"column":29},"end":{"line":49,"column":40}}]},"24":{"type":"branch","line":54,"loc":{"start":{"line":54,"column":17},"end":{"line":54,"column":27}},"locations":[{"start":{"line":54,"column":17},"end":{"line":54,"column":27}}]},"25":{"type":"branch","line":55,"loc":{"start":{"line":55,"column":17},"end":{"line":55,"column":27}},"locations":[{"start":{"line":55,"column":17},"end":{"line":55,"column":27}}]},"26":{"type":"branch","line":63,"loc":{"start":{"line":63,"column":47},"end":{"line":63,"column":58}},"locations":[{"start":{"line":63,"column":47},"end":{"line":63,"column":58}}]},"27":{"type":"branch","line":63,"loc":{"start":{"line":63,"column":59},"end":{"line":63,"column":70}},"locations":[{"start":{"line":63,"column":59},"end":{"line":63,"column":70}}]},"28":{"type":"branch","line":63,"loc":{"start":{"line":63,"column":72},"end":{"line":63,"column":78}},"locations":[{"start":{"line":63,"column":72},"end":{"line":63,"column":78}}]}},"b":{"0":[36],"1":[3],"2":[33],"3":[1128],"4":[33],"5":[517],"6":[12],"7":[643],"8":[365],"9":[88],"10":[643],"11":[519],"12":[365],"13":[278],"14":[643],"15":[643],"16":[365],"17":[277],"18":[366],"19":[9],"20":[5],"21":[4],"22":[7],"23":[1],"24":[7],"25":[1],"26":[7],"27":[2],"28":[0]},"fnMap":{"0":{"name":"calcEMASeries","decl":{"start":{"line":1,"column":0},"end":{"line":10,"column":1}},"loc":{"start":{"line":1,"column":0},"end":{"line":10,"column":1}},"line":1},"1":{"name":"calculateMACD","decl":{"start":{"line":12,"column":7},"end":{"line":38,"column":1}},"loc":{"start":{"line":12,"column":7},"end":{"line":38,"column":1}},"line":12},"2":{"name":"getMACDSignal","decl":{"start":{"line":40,"column":7},"end":{"line":65,"column":1}},"loc":{"start":{"line":40,"column":7},"end":{"line":65,"column":1}},"line":40}},"f":{"0":36,"1":12,"2":9}}
,"/Users/Adam_Sadowski/Coding/projects/gpw-analyzer/src/indicators/macroFilter.js": {"path":"/Users/Adam_Sadowski/Coding/projects/gpw-analyzer/src/indicators/macroFilter.js","all":false,"statementMap":{"0":{"start":{"line":1,"column":0},"end":{"line":1,"column":77}},"2":{"start":{"line":3,"column":0},"end":{"line":3,"column":41}},"3":{"start":{"line":4,"column":0},"end":{"line":4,"column":78}},"4":{"start":{"line":5,"column":0},"end":{"line":5,"column":77}},"5":{"start":{"line":6,"column":0},"end":{"line":6,"column":26}},"6":{"start":{"line":7,"column":0},"end":{"line":7,"column":31}},"7":{"start":{"line":8,"column":0},"end":{"line":8,"column":46}},"8":{"start":{"line":9,"column":0},"end":{"line":9,"column":80}},"9":{"start":{"line":10,"column":0},"end":{"line":10,"column":51}},"10":{"start":{"line":11,"column":0},"end":{"line":11,"column":1}},"12":{"start":{"line":13,"column":0},"end":{"line":13,"column":34}},"13":{"start":{"line":14,"column":0},"end":{"line":14,"column":75}},"14":{"start":{"line":15,"column":0},"end":{"line":15,"column":77}},"15":{"start":{"line":16,"column":0},"end":{"line":16,"column":26}},"16":{"start":{"line":17,"column":0},"end":{"line":17,"column":31}},"17":{"start":{"line":18,"column":0},"end":{"line":18,"column":46}},"18":{"start":{"line":19,"column":0},"end":{"line":19,"column":80}},"19":{"start":{"line":20,"column":0},"end":{"line":20,"column":35}},"20":{"start":{"line":21,"column":0},"end":{"line":21,"column":39}},"21":{"start":{"line":22,"column":0},"end":{"line":22,"column":40}},"22":{"start":{"line":23,"column":0},"end":{"line":23,"column":56}},"23":{"start":{"line":24,"column":0},"end":{"line":24,"column":1}},"25":{"start":{"line":26,"column":0},"end":{"line":26,"column":77}},"27":{"start":{"line":28,"column":0},"end":{"line":28,"column":34}},"28":{"start":{"line":29,"column":0},"end":{"line":29,"column":78}},"29":{"start":{"line":30,"column":0},"end":{"line":30,"column":77}},"30":{"start":{"line":31,"column":0},"end":{"line":31,"column":26}},"31":{"start":{"line":32,"column":0},"end":{"line":32,"column":31}},"32":{"start":{"line":33,"column":0},"end":{"line":33,"column":63}},"33":{"start":{"line":34,"column":0},"end":{"line":34,"column":58}},"34":{"start":{"line":35,"column":0},"end":{"line":35,"column":34}},"35":{"start":{"line":36,"column":0},"end":{"line":36,"column":42}},"36":{"start":{"line":37,"column":0},"end":{"line":37,"column":68}},"37":{"start":{"line":38,"column":0},"end":{"line":38,"column":25}},"38":{"start":{"line":39,"column":0},"end":{"line":39,"column":47}},"39":{"start":{"line":40,"column":0},"end":{"line":40,"column":1}},"41":{"start":{"line":42,"column":0},"end":{"line":42,"column":38}},"42":{"start":{"line":43,"column":0},"end":{"line":43,"column":136}},"43":{"start":{"line":44,"column":0},"end":{"line":44,"column":77}},"44":{"start":{"line":45,"column":0},"end":{"line":45,"column":26}},"45":{"start":{"line":46,"column":0},"end":{"line":46,"column":32}},"46":{"start":{"line":47,"column":0},"end":{"line":47,"column":77}},"47":{"start":{"line":48,"column":0},"end":{"line":48,"column":31}},"48":{"start":{"line":49,"column":0},"end":{"line":49,"column":54}},"49":{"start":{"line":50,"column":0},"end":{"line":50,"column":33}},"50":{"start":{"line":51,"column":0},"end":{"line":51,"column":1}},"52":{"start":{"line":53,"column":0},"end":{"line":53,"column":77}},"54":{"start":{"line":55,"column":0},"end":{"line":55,"column":37}},"55":{"start":{"line":56,"column":0},"end":{"line":56,"column":81}},"56":{"start":{"line":57,"column":0},"end":{"line":57,"column":82}},"57":{"start":{"line":58,"column":0},"end":{"line":58,"column":82}},"58":{"start":{"line":59,"column":0},"end":{"line":59,"column":1}},"60":{"start":{"line":61,"column":0},"end":{"line":61,"column":61}},"61":{"start":{"line":62,"column":0},"end":{"line":62,"column":28}},"62":{"start":{"line":63,"column":0},"end":{"line":63,"column":9}},"63":{"start":{"line":64,"column":0},"end":{"line":64,"column":48}},"64":{"start":{"line":65,"column":0},"end":{"line":65,"column":35}},"65":{"start":{"line":66,"column":0},"end":{"line":66,"column":26}},"66":{"start":{"line":67,"column":0},"end":{"line":67,"column":8}},"67":{"start":{"line":68,"column":0},"end":{"line":68,"column":78}},"68":{"start":{"line":69,"column":0},"end":{"line":69,"column":71}},"69":{"start":{"line":70,"column":0},"end":{"line":70,"column":167}},"70":{"start":{"line":71,"column":0},"end":{"line":71,"column":13}},"71":{"start":{"line":72,"column":0},"end":{"line":72,"column":139}},"72":{"start":{"line":73,"column":0},"end":{"line":73,"column":5}},"73":{"start":{"line":74,"column":0},"end":{"line":74,"column":3}},"75":{"start":{"line":76,"column":0},"end":{"line":76,"column":34}},"76":{"start":{"line":77,"column":0},"end":{"line":77,"column":7}},"77":{"start":{"line":78,"column":0},"end":{"line":78,"column":46}},"78":{"start":{"line":79,"column":0},"end":{"line":79,"column":24}},"79":{"start":{"line":80,"column":0},"end":{"line":80,"column":28}},"80":{"start":{"line":81,"column":0},"end":{"line":81,"column":6}},"81":{"start":{"line":82,"column":0},"end":{"line":82,"column":84}},"82":{"start":{"line":83,"column":0},"end":{"line":83,"column":69}},"83":{"start":{"line":84,"column":0},"end":{"line":84,"column":173}},"84":{"start":{"line":85,"column":0},"end":{"line":85,"column":11}},"85":{"start":{"line":86,"column":0},"end":{"line":86,"column":137}},"86":{"start":{"line":87,"column":0},"end":{"line":87,"column":3}},"87":{"start":{"line":88,"column":0},"end":{"line":88,"column":1}},"89":{"start":{"line":90,"column":0},"end":{"line":90,"column":50}},"90":{"start":{"line":91,"column":0},"end":{"line":91,"column":55}},"91":{"start":{"line":92,"column":0},"end":{"line":92,"column":88}},"92":{"start":{"line":93,"column":0},"end":{"line":93,"column":63}},"93":{"start":{"line":94,"column":0},"end":{"line":94,"column":59}},"94":{"start":{"line":95,"column":0},"end":{"line":95,"column":136}},"95":{"start":{"line":96,"column":0},"end":{"line":96,"column":1}}},"s":{"0":1,"2":6,"3":6,"4":6,"5":6,"6":4,"7":4,"8":4,"9":6,"10":6,"12":6,"13":6,"14":6,"15":6,"16":4,"17":4,"18":4,"19":6,"20":3,"21":3,"22":3,"23":3,"25":1,"27":5,"28":5,"29":5,"30":5,"31":4,"32":4,"33":4,"34":5,"35":3,"36":3,"37":5,"38":3,"39":3,"41":5,"42":5,"43":5,"44":5,"45":4,"46":5,"47":5,"48":3,"49":3,"50":3,"52":1,"54":5,"55":5,"56":5,"57":2,"58":2,"60":1,"61":11,"62":6,"63":6,"64":6,"65":6,"66":6,"67":6,"68":3,"69":3,"70":3,"71":3,"72":3,"73":6,"75":5,"76":5,"77":5,"78":5,"79":5,"80":5,"81":11,"82":2,"83":2,"84":11,"85":3,"86":3,"87":11,"89":1,"90":5,"91":5,"92":5,"93":5,"94":5,"95":5},"branchMap":{"0":{"type":"branch","line":3,"loc":{"start":{"line":3,"column":0},"end":{"line":11,"column":1}},"locations":[{"start":{"line":3,"column":0},"end":{"line":11,"column":1}}]},"1":{"type":"branch","line":5,"loc":{"start":{"line":5,"column":76},"end":{"line":6,"column":15}},"locations":[{"start":{"line":5,"column":76},"end":{"line":6,"column":15}}]},"2":{"type":"branch","line":6,"loc":{"start":{"line":6,"column":15},"end":{"line":6,"column":26}},"locations":[{"start":{"line":6,"column":15},"end":{"line":6,"column":26}}]},"3":{"type":"branch","line":6,"loc":{"start":{"line":6,"column":22},"end":{"line":10,"column":44}},"locations":[{"start":{"line":6,"column":22},"end":{"line":10,"column":44}}]},"4":{"type":"branch","line":10,"loc":{"start":{"line":10,"column":45},"end":{"line":10,"column":51}},"locations":[{"start":{"line":10,"column":45},"end":{"line":10,"column":51}}]},"5":{"type":"branch","line":9,"loc":{"start":{"line":9,"column":24},"end":{"line":9,"column":56}},"locations":[{"start":{"line":9,"column":24},"end":{"line":9,"column":56}}]},"6":{"type":"branch","line":9,"loc":{"start":{"line":9,"column":65},"end":{"line":9,"column":79}},"locations":[{"start":{"line":9,"column":65},"end":{"line":9,"column":79}}]},"7":{"type":"branch","line":13,"loc":{"start":{"line":13,"column":0},"end":{"line":24,"column":1}},"locations":[{"start":{"line":13,"column":0},"end":{"line":24,"column":1}}]},"8":{"type":"branch","line":15,"loc":{"start":{"line":15,"column":76},"end":{"line":16,"column":15}},"locations":[{"start":{"line":15,"column":76},"end":{"line":16,"column":15}}]},"9":{"type":"branch","line":16,"loc":{"start":{"line":16,"column":15},"end":{"line":16,"column":26}},"locations":[{"start":{"line":16,"column":15},"end":{"line":16,"column":26}}]},"10":{"type":"branch","line":16,"loc":{"start":{"line":16,"column":22},"end":{"line":20,"column":24}},"locations":[{"start":{"line":16,"column":22},"end":{"line":20,"column":24}}]},"11":{"type":"branch","line":20,"loc":{"start":{"line":20,"column":24},"end":{"line":20,"column":35}},"locations":[{"start":{"line":20,"column":24},"end":{"line":20,"column":35}}]},"12":{"type":"branch","line":20,"loc":{"start":{"line":20,"column":31},"end":{"line":24,"column":1}},"locations":[{"start":{"line":20,"column":31},"end":{"line":24,"column":1}}]},"13":{"type":"branch","line":19,"loc":{"start":{"line":19,"column":24},"end":{"line":19,"column":56}},"locations":[{"start":{"line":19,"column":24},"end":{"line":19,"column":56}}]},"14":{"type":"branch","line":19,"loc":{"start":{"line":19,"column":65},"end":{"line":19,"column":79}},"locations":[{"start":{"line":19,"column":65},"end":{"line":19,"column":79}}]},"15":{"type":"branch","line":28,"loc":{"start":{"line":28,"column":0},"end":{"line":40,"column":1}},"locations":[{"start":{"line":28,"column":0},"end":{"line":40,"column":1}}]},"16":{"type":"branch","line":30,"loc":{"start":{"line":30,"column":76},"end":{"line":31,"column":15}},"locations":[{"start":{"line":30,"column":76},"end":{"line":31,"column":15}}]},"17":{"type":"branch","line":31,"loc":{"start":{"line":31,"column":15},"end":{"line":31,"column":26}},"locations":[{"start":{"line":31,"column":15},"end":{"line":31,"column":26}}]},"18":{"type":"branch","line":31,"loc":{"start":{"line":31,"column":22},"end":{"line":35,"column":13}},"locations":[{"start":{"line":31,"column":22},"end":{"line":35,"column":13}}]},"19":{"type":"branch","line":35,"loc":{"start":{"line":35,"column":13},"end":{"line":35,"column":21}},"locations":[{"start":{"line":35,"column":13},"end":{"line":35,"column":21}}]},"20":{"type":"branch","line":35,"loc":{"start":{"line":35,"column":23},"end":{"line":35,"column":34}},"locations":[{"start":{"line":35,"column":23},"end":{"line":35,"column":34}}]},"21":{"type":"branch","line":35,"loc":{"start":{"line":35,"column":30},"end":{"line":38,"column":14}},"locations":[{"start":{"line":35,"column":30},"end":{"line":38,"column":14}}]},"22":{"type":"branch","line":38,"loc":{"start":{"line":38,"column":14},"end":{"line":38,"column":25}},"locations":[{"start":{"line":38,"column":14},"end":{"line":38,"column":25}}]},"23":{"type":"branch","line":38,"loc":{"start":{"line":38,"column":21},"end":{"line":40,"column":1}},"locations":[{"start":{"line":38,"column":21},"end":{"line":40,"column":1}}]},"24":{"type":"branch","line":42,"loc":{"start":{"line":42,"column":0},"end":{"line":51,"column":1}},"locations":[{"start":{"line":42,"column":0},"end":{"line":51,"column":1}}]},"25":{"type":"branch","line":44,"loc":{"start":{"line":44,"column":76},"end":{"line":45,"column":15}},"locations":[{"start":{"line":44,"column":76},"end":{"line":45,"column":15}}]},"26":{"type":"branch","line":45,"loc":{"start":{"line":45,"column":15},"end":{"line":45,"column":26}},"locations":[{"start":{"line":45,"column":15},"end":{"line":45,"column":26}}]},"27":{"type":"branch","line":45,"loc":{"start":{"line":45,"column":22},"end":{"line":47,"column":42}},"locations":[{"start":{"line":45,"column":22},"end":{"line":47,"column":42}}]},"28":{"type":"branch","line":47,"loc":{"start":{"line":47,"column":42},"end":{"line":47,"column":47}},"locations":[{"start":{"line":47,"column":42},"end":{"line":47,"column":47}}]},"29":{"type":"branch","line":48,"loc":{"start":{"line":48,"column":20},"end":{"line":48,"column":31}},"locations":[{"start":{"line":48,"column":20},"end":{"line":48,"column":31}}]},"30":{"type":"branch","line":48,"loc":{"start":{"line":48,"column":27},"end":{"line":51,"column":1}},"locations":[{"start":{"line":48,"column":27},"end":{"line":51,"column":1}}]},"31":{"type":"branch","line":47,"loc":{"start":{"line":47,"column":56},"end":{"line":47,"column":76}},"locations":[{"start":{"line":47,"column":56},"end":{"line":47,"column":76}}]},"32":{"type":"branch","line":55,"loc":{"start":{"line":55,"column":0},"end":{"line":59,"column":1}},"locations":[{"start":{"line":55,"column":0},"end":{"line":59,"column":1}}]},"33":{"type":"branch","line":56,"loc":{"start":{"line":56,"column":16},"end":{"line":56,"column":27}},"locations":[{"start":{"line":56,"column":16},"end":{"line":56,"column":27}}]},"34":{"type":"branch","line":56,"loc":{"start":{"line":56,"column":29},"end":{"line":56,"column":81}},"locations":[{"start":{"line":56,"column":29},"end":{"line":56,"column":81}}]},"35":{"type":"branch","line":56,"loc":{"start":{"line":56,"column":80},"end":{"line":57,"column":16}},"locations":[{"start":{"line":56,"column":80},"end":{"line":57,"column":16}}]},"36":{"type":"branch","line":57,"loc":{"start":{"line":57,"column":16},"end":{"line":57,"column":27}},"locations":[{"start":{"line":57,"column":16},"end":{"line":57,"column":27}}]},"37":{"type":"branch","line":57,"loc":{"start":{"line":57,"column":29},"end":{"line":59,"column":1}},"locations":[{"start":{"line":57,"column":29},"end":{"line":59,"column":1}}]},"38":{"type":"branch","line":61,"loc":{"start":{"line":61,"column":7},"end":{"line":88,"column":1}},"locations":[{"start":{"line":61,"column":7},"end":{"line":88,"column":1}}]},"39":{"type":"branch","line":62,"loc":{"start":{"line":62,"column":27},"end":{"line":74,"column":3}},"locations":[{"start":{"line":62,"column":27},"end":{"line":74,"column":3}}]},"40":{"type":"branch","line":67,"loc":{"start":{"line":67,"column":7},"end":{"line":68,"column":26}},"locations":[{"start":{"line":67,"column":7},"end":{"line":68,"column":26}}]},"41":{"type":"branch","line":68,"loc":{"start":{"line":68,"column":26},"end":{"line":68,"column":40}},"locations":[{"start":{"line":68,"column":26},"end":{"line":68,"column":40}}]},"42":{"type":"branch","line":68,"loc":{"start":{"line":68,"column":42},"end":{"line":68,"column":78}},"locations":[{"start":{"line":68,"column":42},"end":{"line":68,"column":78}}]},"43":{"type":"branch","line":68,"loc":{"start":{"line":68,"column":77},"end":{"line":73,"column":5}},"locations":[{"start":{"line":68,"column":77},"end":{"line":73,"column":5}}]},"44":{"type":"branch","line":74,"loc":{"start":{"line":74,"column":2},"end":{"line":81,"column":6}},"locations":[{"start":{"line":74,"column":2},"end":{"line":81,"column":6}}]},"45":{"type":"branch","line":81,"loc":{"start":{"line":81,"column":5},"end":{"line":82,"column":24}},"locations":[{"start":{"line":81,"column":5},"end":{"line":82,"column":24}}]},"46":{"type":"branch","line":82,"loc":{"start":{"line":82,"column":24},"end":{"line":82,"column":38}},"locations":[{"start":{"line":82,"column":24},"end":{"line":82,"column":38}}]},"47":{"type":"branch","line":82,"loc":{"start":{"line":82,"column":40},"end":{"line":85,"column":4}},"locations":[{"start":{"line":82,"column":40},"end":{"line":85,"column":4}}]},"48":{"type":"branch","line":85,"loc":{"start":{"line":85,"column":4},"end":{"line":87,"column":3}},"locations":[{"start":{"line":85,"column":4},"end":{"line":87,"column":3}}]},"49":{"type":"branch","line":90,"loc":{"start":{"line":90,"column":7},"end":{"line":96,"column":1}},"locations":[{"start":{"line":90,"column":7},"end":{"line":96,"column":1}}]},"50":{"type":"branch","line":91,"loc":{"start":{"line":91,"column":13},"end":{"line":91,"column":44}},"locations":[{"start":{"line":91,"column":13},"end":{"line":91,"column":44}}]},"51":{"type":"branch","line":91,"loc":{"start":{"line":91,"column":46},"end":{"line":91,"column":55}},"locations":[{"start":{"line":91,"column":46},"end":{"line":91,"column":55}}]},"52":{"type":"branch","line":91,"loc":{"start":{"line":91,"column":54},"end":{"line":92,"column":37}},"locations":[{"start":{"line":91,"column":54},"end":{"line":92,"column":37}}]},"53":{"type":"branch","line":92,"loc":{"start":{"line":92,"column":37},"end":{"line":92,"column":62}},"locations":[{"start":{"line":92,"column":37},"end":{"line":92,"column":62}}]},"54":{"type":"branch","line":92,"loc":{"start":{"line":92,"column":63},"end":{"line":92,"column":88}},"locations":[{"start":{"line":92,"column":63},"end":{"line":92,"column":88}}]},"55":{"type":"branch","line":93,"loc":{"start":{"line":93,"column":35},"end":{"line":93,"column":58}},"locations":[{"start":{"line":93,"column":35},"end":{"line":93,"column":58}}]},"56":{"type":"branch","line":93,"loc":{"start":{"line":93,"column":59},"end":{"line":93,"column":63}},"locations":[{"start":{"line":93,"column":59},"end":{"line":93,"column":63}}]},"57":{"type":"branch","line":94,"loc":{"start":{"line":94,"column":46},"end":{"line":94,"column":52}},"locations":[{"start":{"line":94,"column":46},"end":{"line":94,"column":52}}]},"58":{"type":"branch","line":94,"loc":{"start":{"line":94,"column":53},"end":{"line":94,"column":59}},"locations":[{"start":{"line":94,"column":53},"end":{"line":94,"column":59}}]},"59":{"type":"branch","line":95,"loc":{"start":{"line":95,"column":96},"end":{"line":95,"column":101}},"locations":[{"start":{"line":95,"column":96},"end":{"line":95,"column":101}}]},"60":{"type":"branch","line":95,"loc":{"start":{"line":95,"column":102},"end":{"line":95,"column":106}},"locations":[{"start":{"line":95,"column":102},"end":{"line":95,"column":106}}]}},"b":{"0":[6],"1":[5],"2":[1],"3":[4],"4":[0],"5":[4],"6":[4],"7":[6],"8":[5],"9":[1],"10":[4],"11":[1],"12":[3],"13":[44],"14":[44],"15":[5],"16":[4],"17":[0],"18":[4],"19":[3],"20":[1],"21":[3],"22":[0],"23":[3],"24":[5],"25":[4],"26":[0],"27":[4],"28":[0],"29":[1],"30":[3],"31":[3],"32":[5],"33":[1],"34":[1],"35":[4],"36":[2],"37":[2],"38":[11],"39":[6],"40":[5],"41":[4],"42":[2],"43":[3],"44":[5],"45":[4],"46":[3],"47":[2],"48":[3],"49":[5],"50":[4],"51":[2],"52":[3],"53":[2],"54":[1],"55":[3],"56":[0],"57":[1],"58":[2],"59":[0],"60":[3]},"fnMap":{"0":{"name":"fetchFredValue","decl":{"start":{"line":3,"column":0},"end":{"line":11,"column":1}},"loc":{"start":{"line":3,"column":0},"end":{"line":11,"column":1}},"line":3},"1":{"name":"fetchFredCpiYoY","decl":{"start":{"line":13,"column":0},"end":{"line":24,"column":1}},"loc":{"start":{"line":13,"column":0},"end":{"line":24,"column":1}},"line":13},"2":{"name":"fetchNbpRefRate","decl":{"start":{"line":28,"column":0},"end":{"line":40,"column":1}},"loc":{"start":{"line":28,"column":0},"end":{"line":40,"column":1}},"line":28},"3":{"name":"fetchEurostatCpiYoY","decl":{"start":{"line":42,"column":0},"end":{"line":51,"column":1}},"loc":{"start":{"line":42,"column":0},"end":{"line":51,"column":1}},"line":42},"4":{"name":"calcMacroStatus","decl":{"start":{"line":55,"column":0},"end":{"line":59,"column":1}},"loc":{"start":{"line":55,"column":0},"end":{"line":59,"column":1}},"line":55},"5":{"name":"getMacroEnvironment","decl":{"start":{"line":61,"column":7},"end":{"line":88,"column":1}},"loc":{"start":{"line":61,"column":7},"end":{"line":88,"column":1}},"line":61},"6":{"name":"formatMacroLine","decl":{"start":{"line":90,"column":7},"end":{"line":96,"column":1}},"loc":{"start":{"line":90,"column":7},"end":{"line":96,"column":1}},"line":90}},"f":{"0":6,"1":6,"2":5,"3":5,"4":5,"5":11,"6":5}}
,"/Users/Adam_Sadowski/Coding/projects/gpw-analyzer/src/indicators/positionSizing.js": {"path":"/Users/Adam_Sadowski/Coding/projects/gpw-analyzer/src/indicators/positionSizing.js","all":false,"statementMap":{"0":{"start":{"line":1,"column":0},"end":{"line":1,"column":27}},"1":{"start":{"line":2,"column":0},"end":{"line":2,"column":32}},"2":{"start":{"line":3,"column":0},"end":{"line":3,"column":32}},"3":{"start":{"line":4,"column":0},"end":{"line":4,"column":32}},"4":{"start":{"line":5,"column":0},"end":{"line":5,"column":1}},"6":{"start":{"line":7,"column":0},"end":{"line":7,"column":99}},"7":{"start":{"line":8,"column":0},"end":{"line":8,"column":111}},"8":{"start":{"line":9,"column":0},"end":{"line":9,"column":111}},"9":{"start":{"line":10,"column":0},"end":{"line":10,"column":111}},"11":{"start":{"line":12,"column":0},"end":{"line":12,"column":89}},"12":{"start":{"line":13,"column":0},"end":{"line":13,"column":50}},"13":{"start":{"line":14,"column":0},"end":{"line":14,"column":60}},"14":{"start":{"line":15,"column":0},"end":{"line":15,"column":66}},"16":{"start":{"line":17,"column":0},"end":{"line":17,"column":69}},"17":{"start":{"line":18,"column":0},"end":{"line":18,"column":1}},"19":{"start":{"line":20,"column":0},"end":{"line":20,"column":67}},"20":{"start":{"line":21,"column":0},"end":{"line":21,"column":23}},"21":{"start":{"line":22,"column":0},"end":{"line":22,"column":21}},"22":{"start":{"line":23,"column":0},"end":{"line":23,"column":48}},"23":{"start":{"line":24,"column":0},"end":{"line":24,"column":65}},"24":{"start":{"line":25,"column":0},"end":{"line":25,"column":64}},"25":{"start":{"line":26,"column":0},"end":{"line":26,"column":5}},"26":{"start":{"line":27,"column":0},"end":{"line":27,"column":79}},"27":{"start":{"line":28,"column":0},"end":{"line":28,"column":3}},"28":{"start":{"line":29,"column":0},"end":{"line":29,"column":68}},"29":{"start":{"line":30,"column":0},"end":{"line":30,"column":152}},"30":{"start":{"line":31,"column":0},"end":{"line":31,"column":10}},"31":{"start":{"line":32,"column":0},"end":{"line":32,"column":109}},"32":{"start":{"line":33,"column":0},"end":{"line":33,"column":68}},"33":{"start":{"line":34,"column":0},"end":{"line":34,"column":30}},"34":{"start":{"line":35,"column":0},"end":{"line":35,"column":1}}},"s":{"0":1,"1":1,"2":1,"3":1,"4":1,"6":1,"7":9,"8":9,"9":9,"11":9,"12":9,"13":9,"14":9,"16":9,"17":9,"19":1,"20":2,"21":1,"22":1,"23":1,"24":1,"25":1,"26":1,"27":1,"28":2,"29":2,"30":2,"31":2,"32":2,"33":2,"34":2},"branchMap":{"0":{"type":"branch","line":7,"loc":{"start":{"line":7,"column":7},"end":{"line":18,"column":1}},"locations":[{"start":{"line":7,"column":7},"end":{"line":18,"column":1}}]},"1":{"type":"branch","line":8,"loc":{"start":{"line":8,"column":28},"end":{"line":8,"column":111}},"locations":[{"start":{"line":8,"column":28},"end":{"line":8,"column":111}}]},"2":{"type":"branch","line":8,"loc":{"start":{"line":8,"column":110},"end":{"line":9,"column":28}},"locations":[{"start":{"line":8,"column":110},"end":{"line":9,"column":28}}]},"3":{"type":"branch","line":9,"loc":{"start":{"line":9,"column":28},"end":{"line":9,"column":111}},"locations":[{"start":{"line":9,"column":28},"end":{"line":9,"column":111}}]},"4":{"type":"branch","line":9,"loc":{"start":{"line":9,"column":110},"end":{"line":10,"column":29}},"locations":[{"start":{"line":9,"column":110},"end":{"line":10,"column":29}}]},"5":{"type":"branch","line":10,"loc":{"start":{"line":10,"column":29},"end":{"line":10,"column":111}},"locations":[{"start":{"line":10,"column":29},"end":{"line":10,"column":111}}]},"6":{"type":"branch","line":10,"loc":{"start":{"line":10,"column":110},"end":{"line":12,"column":81}},"locations":[{"start":{"line":10,"column":110},"end":{"line":12,"column":81}}]},"7":{"type":"branch","line":12,"loc":{"start":{"line":12,"column":82},"end":{"line":12,"column":89}},"locations":[{"start":{"line":12,"column":82},"end":{"line":12,"column":89}}]},"8":{"type":"branch","line":12,"loc":{"start":{"line":12,"column":49},"end":{"line":12,"column":68}},"locations":[{"start":{"line":12,"column":49},"end":{"line":12,"column":68}}]},"9":{"type":"branch","line":20,"loc":{"start":{"line":20,"column":7},"end":{"line":35,"column":1}},"locations":[{"start":{"line":20,"column":7},"end":{"line":35,"column":1}}]},"10":{"type":"branch","line":21,"loc":{"start":{"line":21,"column":22},"end":{"line":29,"column":64}},"locations":[{"start":{"line":21,"column":22},"end":{"line":29,"column":64}}]},"11":{"type":"branch","line":27,"loc":{"start":{"line":27,"column":61},"end":{"line":27,"column":77}},"locations":[{"start":{"line":27,"column":61},"end":{"line":27,"column":77}}]},"12":{"type":"branch","line":29,"loc":{"start":{"line":29,"column":65},"end":{"line":29,"column":68}},"locations":[{"start":{"line":29,"column":65},"end":{"line":29,"column":68}}]},"13":{"type":"branch","line":30,"loc":{"start":{"line":30,"column":48},"end":{"line":30,"column":147}},"locations":[{"start":{"line":30,"column":48},"end":{"line":30,"column":147}}]},"14":{"type":"branch","line":30,"loc":{"start":{"line":30,"column":148},"end":{"line":30,"column":152}},"locations":[{"start":{"line":30,"column":148},"end":{"line":30,"column":152}}]},"15":{"type":"branch","line":33,"loc":{"start":{"line":33,"column":15},"end":{"line":33,"column":62}},"locations":[{"start":{"line":33,"column":15},"end":{"line":33,"column":62}}]},"16":{"type":"branch","line":33,"loc":{"start":{"line":33,"column":63},"end":{"line":33,"column":67}},"locations":[{"start":{"line":33,"column":63},"end":{"line":33,"column":67}}]}},"b":{"0":[9],"1":[2],"2":[7],"3":[1],"4":[6],"5":[1],"6":[5],"7":[0],"8":[8],"9":[2],"10":[1],"11":[0],"12":[0],"13":[0],"14":[1],"15":[1],"16":[0]},"fnMap":{"0":{"name":"calcPositionSize","decl":{"start":{"line":7,"column":7},"end":{"line":18,"column":1}},"loc":{"start":{"line":7,"column":7},"end":{"line":18,"column":1}},"line":7},"1":{"name":"formatPositionSizingLine","decl":{"start":{"line":20,"column":7},"end":{"line":35,"column":1}},"loc":{"start":{"line":20,"column":7},"end":{"line":35,"column":1}},"line":20}},"f":{"0":9,"1":2}}
,"/Users/Adam_Sadowski/Coding/projects/gpw-analyzer/src/indicators/rsi.js": {"path":"/Users/Adam_Sadowski/Coding/projects/gpw-analyzer/src/indicators/rsi.js","all":false,"statementMap":{"0":{"start":{"line":1,"column":0},"end":{"line":1,"column":46}},"1":{"start":{"line":2,"column":0},"end":{"line":2,"column":45}},"3":{"start":{"line":4,"column":0},"end":{"line":4,"column":15}},"4":{"start":{"line":5,"column":0},"end":{"line":5,"column":16}},"5":{"start":{"line":6,"column":0},"end":{"line":6,"column":37}},"6":{"start":{"line":7,"column":0},"end":{"line":7,"column":42}},"7":{"start":{"line":8,"column":0},"end":{"line":8,"column":32}},"8":{"start":{"line":9,"column":0},"end":{"line":9,"column":23}},"9":{"start":{"line":10,"column":0},"end":{"line":10,"column":3}},"11":{"start":{"line":12,"column":0},"end":{"line":12,"column":30}},"12":{"start":{"line":13,"column":0},"end":{"line":13,"column":31}},"14":{"start":{"line":15,"column":0},"end":{"line":15,"column":52}},"15":{"start":{"line":16,"column":0},"end":{"line":16,"column":42}},"16":{"start":{"line":17,"column":0},"end":{"line":17,"column":67}},"17":{"start":{"line":18,"column":0},"end":{"line":18,"column":68}},"18":{"start":{"line":19,"column":0},"end":{"line":19,"column":3}},"20":{"start":{"line":21,"column":0},"end":{"line":21,"column":31}},"21":{"start":{"line":22,"column":0},"end":{"line":22,"column":30}},"22":{"start":{"line":23,"column":0},"end":{"line":23,"column":55}},"23":{"start":{"line":24,"column":0},"end":{"line":24,"column":1}}},"s":{"0":1,"1":15,"3":13,"4":13,"5":15,"6":177,"7":177,"8":65,"9":177,"11":13,"12":13,"14":15,"15":250,"16":250,"17":250,"18":250,"20":15,"21":6,"22":6,"23":6},"branchMap":{"0":{"type":"branch","line":1,"loc":{"start":{"line":1,"column":7},"end":{"line":24,"column":1}},"locations":[{"start":{"line":1,"column":7},"end":{"line":24,"column":1}}]},"1":{"type":"branch","line":2,"loc":{"start":{"line":2,"column":34},"end":{"line":2,"column":45}},"locations":[{"start":{"line":2,"column":34},"end":{"line":2,"column":45}}]},"2":{"type":"branch","line":2,"loc":{"start":{"line":2,"column":41},"end":{"line":6,"column":36}},"locations":[{"start":{"line":2,"column":41},"end":{"line":6,"column":36}}]},"3":{"type":"branch","line":6,"loc":{"start":{"line":6,"column":36},"end":{"line":10,"column":3}},"locations":[{"start":{"line":6,"column":36},"end":{"line":10,"column":3}}]},"4":{"type":"branch","line":8,"loc":{"start":{"line":8,"column":19},"end":{"line":9,"column":23}},"locations":[{"start":{"line":8,"column":19},"end":{"line":9,"column":23}}]},"5":{"type":"branch","line":8,"loc":{"start":{"line":8,"column":19},"end":{"line":8,"column":32}},"locations":[{"start":{"line":8,"column":19},"end":{"line":8,"column":32}}]},"6":{"type":"branch","line":8,"loc":{"start":{"line":8,"column":28},"end":{"line":9,"column":23}},"locations":[{"start":{"line":8,"column":28},"end":{"line":9,"column":23}}]},"7":{"type":"branch","line":10,"loc":{"start":{"line":10,"column":2},"end":{"line":15,"column":51}},"locations":[{"start":{"line":10,"column":2},"end":{"line":15,"column":51}}]},"8":{"type":"branch","line":15,"loc":{"start":{"line":15,"column":51},"end":{"line":19,"column":3}},"locations":[{"start":{"line":15,"column":51},"end":{"line":19,"column":3}}]},"9":{"type":"branch","line":19,"loc":{"start":{"line":19,"column":2},"end":{"line":21,"column":21}},"locations":[{"start":{"line":19,"column":2},"end":{"line":21,"column":21}}]},"10":{"type":"branch","line":21,"loc":{"start":{"line":21,"column":21},"end":{"line":24,"column":1}},"locations":[{"start":{"line":21,"column":21},"end":{"line":24,"column":1}}]},"11":{"type":"branch","line":21,"loc":{"start":{"line":21,"column":21},"end":{"line":21,"column":31}},"locations":[{"start":{"line":21,"column":21},"end":{"line":21,"column":31}}]},"12":{"type":"branch","line":21,"loc":{"start":{"line":21,"column":28},"end":{"line":24,"column":1}},"locations":[{"start":{"line":21,"column":28},"end":{"line":24,"column":1}}]}},"b":{"0":[15],"1":[2],"2":[13],"3":[177],"4":[156],"5":[112],"6":[65],"7":[13],"8":[250],"9":[13],"10":[11],"11":[7],"12":[6]},"fnMap":{"0":{"name":"calcRSI","decl":{"start":{"line":1,"column":7},"end":{"line":24,"column":1}},"loc":{"start":{"line":1,"column":7},"end":{"line":24,"column":1}},"line":1}},"f":{"0":15}}
,"/Users/Adam_Sadowski/Coding/projects/gpw-analyzer/src/indicators/scoring.js": {"path":"/Users/Adam_Sadowski/Coding/projects/gpw-analyzer/src/indicators/scoring.js","all":false,"statementMap":{"0":{"start":{"line":1,"column":0},"end":{"line":1,"column":46}},"1":{"start":{"line":2,"column":0},"end":{"line":2,"column":74}},"2":{"start":{"line":3,"column":0},"end":{"line":3,"column":73}},"3":{"start":{"line":4,"column":0},"end":{"line":4,"column":19}},"5":{"start":{"line":6,"column":0},"end":{"line":6,"column":45}},"6":{"start":{"line":7,"column":0},"end":{"line":7,"column":9}},"7":{"start":{"line":8,"column":0},"end":{"line":8,"column":67}},"8":{"start":{"line":9,"column":0},"end":{"line":9,"column":60}},"9":{"start":{"line":10,"column":0},"end":{"line":10,"column":12}},"10":{"start":{"line":11,"column":0},"end":{"line":11,"column":13}},"12":{"start":{"line":13,"column":0},"end":{"line":13,"column":17}},"13":{"start":{"line":14,"column":0},"end":{"line":14,"column":32}},"14":{"start":{"line":15,"column":0},"end":{"line":15,"column":22}},"15":{"start":{"line":16,"column":0},"end":{"line":16,"column":34}},"16":{"start":{"line":17,"column":0},"end":{"line":17,"column":34}},"17":{"start":{"line":18,"column":0},"end":{"line":18,"column":33}},"18":{"start":{"line":19,"column":0},"end":{"line":19,"column":5}},"19":{"start":{"line":20,"column":0},"end":{"line":20,"column":41}},"20":{"start":{"line":21,"column":0},"end":{"line":21,"column":22}},"21":{"start":{"line":22,"column":0},"end":{"line":22,"column":47}},"22":{"start":{"line":23,"column":0},"end":{"line":23,"column":47}},"23":{"start":{"line":24,"column":0},"end":{"line":24,"column":46}},"24":{"start":{"line":25,"column":0},"end":{"line":25,"column":5}},"25":{"start":{"line":26,"column":0},"end":{"line":26,"column":3}},"26":{"start":{"line":27,"column":0},"end":{"line":27,"column":34}},"28":{"start":{"line":29,"column":0},"end":{"line":29,"column":20}},"29":{"start":{"line":30,"column":0},"end":{"line":30,"column":24}},"30":{"start":{"line":31,"column":0},"end":{"line":31,"column":31}},"31":{"start":{"line":32,"column":0},"end":{"line":32,"column":40}},"32":{"start":{"line":33,"column":0},"end":{"line":33,"column":40}},"33":{"start":{"line":34,"column":0},"end":{"line":34,"column":40}},"34":{"start":{"line":35,"column":0},"end":{"line":35,"column":39}},"35":{"start":{"line":36,"column":0},"end":{"line":36,"column":43}},"36":{"start":{"line":37,"column":0},"end":{"line":37,"column":40}},"37":{"start":{"line":38,"column":0},"end":{"line":38,"column":40}},"38":{"start":{"line":39,"column":0},"end":{"line":39,"column":40}},"39":{"start":{"line":40,"column":0},"end":{"line":40,"column":12}},"40":{"start":{"line":41,"column":0},"end":{"line":41,"column":40}},"41":{"start":{"line":42,"column":0},"end":{"line":42,"column":40}},"42":{"start":{"line":43,"column":0},"end":{"line":43,"column":40}},"43":{"start":{"line":44,"column":0},"end":{"line":44,"column":39}},"44":{"start":{"line":45,"column":0},"end":{"line":45,"column":5}},"45":{"start":{"line":46,"column":0},"end":{"line":46,"column":3}},"47":{"start":{"line":48,"column":0},"end":{"line":48,"column":26}},"48":{"start":{"line":49,"column":0},"end":{"line":49,"column":40}},"50":{"start":{"line":51,"column":0},"end":{"line":51,"column":31}},"51":{"start":{"line":52,"column":0},"end":{"line":52,"column":41}},"52":{"start":{"line":53,"column":0},"end":{"line":53,"column":45}},"54":{"start":{"line":55,"column":0},"end":{"line":55,"column":30}},"55":{"start":{"line":56,"column":0},"end":{"line":56,"column":64}},"57":{"start":{"line":58,"column":0},"end":{"line":58,"column":27}},"58":{"start":{"line":59,"column":0},"end":{"line":59,"column":40}},"60":{"start":{"line":61,"column":0},"end":{"line":61,"column":19}},"61":{"start":{"line":62,"column":0},"end":{"line":62,"column":47}},"63":{"start":{"line":64,"column":0},"end":{"line":64,"column":24}},"64":{"start":{"line":65,"column":0},"end":{"line":65,"column":52}},"66":{"start":{"line":67,"column":0},"end":{"line":67,"column":26}},"67":{"start":{"line":68,"column":0},"end":{"line":68,"column":54}},"69":{"start":{"line":70,"column":0},"end":{"line":70,"column":71}},"70":{"start":{"line":71,"column":0},"end":{"line":71,"column":29}},"72":{"start":{"line":73,"column":0},"end":{"line":73,"column":68}},"73":{"start":{"line":74,"column":0},"end":{"line":74,"column":1}}},"s":{"0":1,"1":1,"2":1,"3":1,"5":1,"6":13,"7":13,"8":13,"9":13,"10":13,"12":13,"13":13,"14":8,"15":8,"16":1,"17":1,"18":8,"19":13,"20":3,"21":3,"22":3,"23":3,"24":3,"25":3,"26":13,"28":13,"29":13,"30":13,"31":2,"32":0,"33":0,"34":0,"35":13,"36":3,"37":2,"38":2,"39":11,"40":8,"41":7,"42":1,"43":1,"44":8,"45":13,"47":13,"48":13,"50":13,"51":13,"52":2,"54":13,"55":13,"57":13,"58":13,"60":13,"61":13,"63":13,"64":13,"66":13,"67":13,"69":13,"70":13,"72":13,"73":13},"branchMap":{"0":{"type":"branch","line":6,"loc":{"start":{"line":6,"column":7},"end":{"line":74,"column":1}},"locations":[{"start":{"line":6,"column":7},"end":{"line":74,"column":1}}]},"1":{"type":"branch","line":14,"loc":{"start":{"line":14,"column":31},"end":{"line":20,"column":3}},"locations":[{"start":{"line":14,"column":31},"end":{"line":20,"column":3}}]},"2":{"type":"branch","line":16,"loc":{"start":{"line":16,"column":25},"end":{"line":16,"column":34}},"locations":[{"start":{"line":16,"column":25},"end":{"line":16,"column":34}}]},"3":{"type":"branch","line":16,"loc":{"start":{"line":16,"column":32},"end":{"line":18,"column":33}},"locations":[{"start":{"line":16,"column":32},"end":{"line":18,"column":33}}]},"4":{"type":"branch","line":17,"loc":{"start":{"line":17,"column":25},"end":{"line":17,"column":34}},"locations":[{"start":{"line":17,"column":25},"end":{"line":17,"column":34}}]},"5":{"type":"branch","line":20,"loc":{"start":{"line":20,"column":3},"end":{"line":26,"column":3}},"locations":[{"start":{"line":20,"column":3},"end":{"line":26,"column":3}}]},"6":{"type":"branch","line":20,"loc":{"start":{"line":20,"column":40},"end":{"line":26,"column":3}},"locations":[{"start":{"line":20,"column":40},"end":{"line":26,"column":3}}]},"7":{"type":"branch","line":22,"loc":{"start":{"line":22,"column":20},"end":{"line":22,"column":31}},"locations":[{"start":{"line":22,"column":20},"end":{"line":22,"column":31}}]},"8":{"type":"branch","line":22,"loc":{"start":{"line":22,"column":38},"end":{"line":22,"column":47}},"locations":[{"start":{"line":22,"column":38},"end":{"line":22,"column":47}}]},"9":{"type":"branch","line":23,"loc":{"start":{"line":23,"column":25},"end":{"line":23,"column":36}},"locations":[{"start":{"line":23,"column":25},"end":{"line":23,"column":36}}]},"10":{"type":"branch","line":23,"loc":{"start":{"line":23,"column":38},"end":{"line":23,"column":47}},"locations":[{"start":{"line":23,"column":38},"end":{"line":23,"column":47}}]},"11":{"type":"branch","line":24,"loc":{"start":{"line":24,"column":38},"end":{"line":24,"column":46}},"locations":[{"start":{"line":24,"column":38},"end":{"line":24,"column":46}}]},"12":{"type":"branch","line":31,"loc":{"start":{"line":31,"column":30},"end":{"line":36,"column":5}},"locations":[{"start":{"line":31,"column":30},"end":{"line":36,"column":5}}]},"13":{"type":"branch","line":32,"loc":{"start":{"line":32,"column":38},"end":{"line":35,"column":39}},"locations":[{"start":{"line":32,"column":38},"end":{"line":35,"column":39}}]},"14":{"type":"branch","line":36,"loc":{"start":{"line":36,"column":5},"end":{"line":45,"column":5}},"locations":[{"start":{"line":36,"column":5},"end":{"line":45,"column":5}}]},"15":{"type":"branch","line":36,"loc":{"start":{"line":36,"column":42},"end":{"line":40,"column":5}},"locations":[{"start":{"line":36,"column":42},"end":{"line":40,"column":5}}]},"16":{"type":"branch","line":37,"loc":{"start":{"line":37,"column":31},"end":{"line":37,"column":40}},"locations":[{"start":{"line":37,"column":31},"end":{"line":37,"column":40}}]},"17":{"type":"branch","line":37,"loc":{"start":{"line":37,"column":38},"end":{"line":39,"column":40}},"locations":[{"start":{"line":37,"column":38},"end":{"line":39,"column":40}}]},"18":{"type":"branch","line":38,"loc":{"start":{"line":38,"column":31},"end":{"line":38,"column":40}},"locations":[{"start":{"line":38,"column":31},"end":{"line":38,"column":40}}]},"19":{"type":"branch","line":40,"loc":{"start":{"line":40,"column":5},"end":{"line":45,"column":5}},"locations":[{"start":{"line":40,"column":5},"end":{"line":45,"column":5}}]},"20":{"type":"branch","line":41,"loc":{"start":{"line":41,"column":31},"end":{"line":41,"column":40}},"locations":[{"start":{"line":41,"column":31},"end":{"line":41,"column":40}}]},"21":{"type":"branch","line":41,"loc":{"start":{"line":41,"column":38},"end":{"line":44,"column":39}},"locations":[{"start":{"line":41,"column":38},"end":{"line":44,"column":39}}]},"22":{"type":"branch","line":42,"loc":{"start":{"line":42,"column":31},"end":{"line":42,"column":40}},"locations":[{"start":{"line":42,"column":31},"end":{"line":42,"column":40}}]},"23":{"type":"branch","line":42,"loc":{"start":{"line":42,"column":38},"end":{"line":44,"column":39}},"locations":[{"start":{"line":42,"column":38},"end":{"line":44,"column":39}}]},"24":{"type":"branch","line":43,"loc":{"start":{"line":43,"column":31},"end":{"line":43,"column":40}},"locations":[{"start":{"line":43,"column":31},"end":{"line":43,"column":40}}]},"25":{"type":"branch","line":44,"loc":{"start":{"line":44,"column":31},"end":{"line":44,"column":39}},"locations":[{"start":{"line":44,"column":31},"end":{"line":44,"column":39}}]},"26":{"type":"branch","line":49,"loc":{"start":{"line":49,"column":31},"end":{"line":49,"column":40}},"locations":[{"start":{"line":49,"column":31},"end":{"line":49,"column":40}}]},"27":{"type":"branch","line":52,"loc":{"start":{"line":52,"column":32},"end":{"line":52,"column":41}},"locations":[{"start":{"line":52,"column":32},"end":{"line":52,"column":41}}]},"28":{"type":"branch","line":52,"loc":{"start":{"line":52,"column":39},"end":{"line":53,"column":45}},"locations":[{"start":{"line":52,"column":39},"end":{"line":53,"column":45}}]},"29":{"type":"branch","line":53,"loc":{"start":{"line":53,"column":37},"end":{"line":53,"column":45}},"locations":[{"start":{"line":53,"column":37},"end":{"line":53,"column":45}}]},"30":{"type":"branch","line":56,"loc":{"start":{"line":56,"column":32},"end":{"line":56,"column":54}},"locations":[{"start":{"line":56,"column":32},"end":{"line":56,"column":54}}]},"31":{"type":"branch","line":56,"loc":{"start":{"line":56,"column":56},"end":{"line":56,"column":64}},"locations":[{"start":{"line":56,"column":56},"end":{"line":56,"column":64}}]},"32":{"type":"branch","line":59,"loc":{"start":{"line":59,"column":32},"end":{"line":59,"column":40}},"locations":[{"start":{"line":59,"column":32},"end":{"line":59,"column":40}}]}},"b":{"0":[13],"1":[8],"2":[7],"3":[1],"4":[0],"5":[5],"6":[3],"7":[1],"8":[0],"9":[1],"10":[0],"11":[1],"12":[2],"13":[0],"14":[11],"15":[3],"16":[1],"17":[2],"18":[0],"19":[8],"20":[1],"21":[7],"22":[6],"23":[1],"24":[0],"25":[0],"26":[11],"27":[11],"28":[2],"29":[1],"30":[10],"31":[9],"32":[11]},"fnMap":{"0":{"name":"calcScore","decl":{"start":{"line":6,"column":7},"end":{"line":74,"column":1}},"loc":{"start":{"line":6,"column":7},"end":{"line":74,"column":1}},"line":6}},"f":{"0":13}}
,"/Users/Adam_Sadowski/Coding/projects/gpw-analyzer/src/indicators/seasonality.js": {"path":"/Users/Adam_Sadowski/Coding/projects/gpw-analyzer/src/indicators/seasonality.js","all":false,"statementMap":{"0":{"start":{"line":1,"column":0},"end":{"line":1,"column":62}},"1":{"start":{"line":2,"column":0},"end":{"line":2,"column":36}},"2":{"start":{"line":3,"column":0},"end":{"line":3,"column":26}},"3":{"start":{"line":4,"column":0},"end":{"line":4,"column":56}},"4":{"start":{"line":5,"column":0},"end":{"line":5,"column":117}},"5":{"start":{"line":6,"column":0},"end":{"line":6,"column":76}},"6":{"start":{"line":7,"column":0},"end":{"line":7,"column":26}},"7":{"start":{"line":8,"column":0},"end":{"line":8,"column":31}},"8":{"start":{"line":9,"column":0},"end":{"line":9,"column":41}},"9":{"start":{"line":10,"column":0},"end":{"line":10,"column":26}},"10":{"start":{"line":11,"column":0},"end":{"line":11,"column":39}},"11":{"start":{"line":12,"column":0},"end":{"line":12,"column":55}},"12":{"start":{"line":13,"column":0},"end":{"line":13,"column":11}},"13":{"start":{"line":14,"column":0},"end":{"line":14,"column":95}},"14":{"start":{"line":15,"column":0},"end":{"line":15,"column":52}},"15":{"start":{"line":16,"column":0},"end":{"line":16,"column":1}},"17":{"start":{"line":18,"column":0},"end":{"line":18,"column":49}},"18":{"start":{"line":19,"column":0},"end":{"line":19,"column":53}},"19":{"start":{"line":20,"column":0},"end":{"line":20,"column":43}},"20":{"start":{"line":21,"column":0},"end":{"line":21,"column":61}},"21":{"start":{"line":22,"column":0},"end":{"line":22,"column":57}},"22":{"start":{"line":23,"column":0},"end":{"line":23,"column":61}},"23":{"start":{"line":24,"column":0},"end":{"line":24,"column":85}},"24":{"start":{"line":25,"column":0},"end":{"line":25,"column":33}},"25":{"start":{"line":26,"column":0},"end":{"line":26,"column":5}},"26":{"start":{"line":27,"column":0},"end":{"line":27,"column":3}},"27":{"start":{"line":28,"column":0},"end":{"line":28,"column":19}},"28":{"start":{"line":29,"column":0},"end":{"line":29,"column":32}},"29":{"start":{"line":30,"column":0},"end":{"line":30,"column":26}},"30":{"start":{"line":31,"column":0},"end":{"line":31,"column":31}},"31":{"start":{"line":32,"column":0},"end":{"line":32,"column":77}},"32":{"start":{"line":33,"column":0},"end":{"line":33,"column":9}},"33":{"start":{"line":34,"column":0},"end":{"line":34,"column":3}},"34":{"start":{"line":35,"column":0},"end":{"line":35,"column":15}},"35":{"start":{"line":36,"column":0},"end":{"line":36,"column":1}},"37":{"start":{"line":38,"column":0},"end":{"line":38,"column":67}},"38":{"start":{"line":39,"column":0},"end":{"line":39,"column":59}},"39":{"start":{"line":40,"column":0},"end":{"line":40,"column":42}},"40":{"start":{"line":41,"column":0},"end":{"line":41,"column":55}},"41":{"start":{"line":42,"column":0},"end":{"line":42,"column":15}},"42":{"start":{"line":43,"column":0},"end":{"line":43,"column":34}},"43":{"start":{"line":44,"column":0},"end":{"line":44,"column":34}},"44":{"start":{"line":45,"column":0},"end":{"line":45,"column":34}},"45":{"start":{"line":46,"column":0},"end":{"line":46,"column":34}},"46":{"start":{"line":47,"column":0},"end":{"line":47,"column":34}},"47":{"start":{"line":48,"column":0},"end":{"line":48,"column":1}}},"s":{"0":1,"1":0,"2":0,"3":0,"4":0,"5":0,"6":0,"7":0,"8":0,"9":0,"10":0,"11":0,"12":0,"13":0,"14":0,"15":0,"17":1,"18":3,"19":3,"20":1713,"21":1713,"22":1713,"23":120,"24":120,"25":120,"26":1713,"27":3,"28":3,"29":36,"30":36,"31":36,"32":36,"33":36,"34":36,"35":36,"37":1,"38":12,"39":6,"40":7,"41":6,"42":7,"43":5,"44":4,"45":3,"46":6,"47":6},"branchMap":{"0":{"type":"branch","line":18,"loc":{"start":{"line":18,"column":7},"end":{"line":36,"column":1}},"locations":[{"start":{"line":18,"column":7},"end":{"line":36,"column":1}}]},"1":{"type":"branch","line":20,"loc":{"start":{"line":20,"column":42},"end":{"line":27,"column":3}},"locations":[{"start":{"line":20,"column":42},"end":{"line":27,"column":3}}]},"2":{"type":"branch","line":23,"loc":{"start":{"line":23,"column":32},"end":{"line":23,"column":58}},"locations":[{"start":{"line":23,"column":32},"end":{"line":23,"column":58}}]},"3":{"type":"branch","line":23,"loc":{"start":{"line":23,"column":60},"end":{"line":26,"column":5}},"locations":[{"start":{"line":23,"column":60},"end":{"line":26,"column":5}}]},"4":{"type":"branch","line":29,"loc":{"start":{"line":29,"column":31},"end":{"line":36,"column":1}},"locations":[{"start":{"line":29,"column":31},"end":{"line":36,"column":1}}]},"5":{"type":"branch","line":32,"loc":{"start":{"line":32,"column":6},"end":{"line":32,"column":77}},"locations":[{"start":{"line":32,"column":6},"end":{"line":32,"column":77}}]},"6":{"type":"branch","line":33,"loc":{"start":{"line":33,"column":6},"end":{"line":33,"column":9}},"locations":[{"start":{"line":33,"column":6},"end":{"line":33,"column":9}}]},"7":{"type":"branch","line":19,"loc":{"start":{"line":19,"column":44},"end":{"line":19,"column":52}},"locations":[{"start":{"line":19,"column":44},"end":{"line":19,"column":52}}]},"8":{"type":"branch","line":32,"loc":{"start":{"line":32,"column":31},"end":{"line":32,"column":46}},"locations":[{"start":{"line":32,"column":31},"end":{"line":32,"column":46}}]},"9":{"type":"branch","line":38,"loc":{"start":{"line":38,"column":7},"end":{"line":48,"column":1}},"locations":[{"start":{"line":38,"column":7},"end":{"line":48,"column":1}}]},"10":{"type":"branch","line":39,"loc":{"start":{"line":39,"column":23},"end":{"line":39,"column":59}},"locations":[{"start":{"line":39,"column":23},"end":{"line":39,"column":59}}]},"11":{"type":"branch","line":39,"loc":{"start":{"line":39,"column":58},"end":{"line":48,"column":1}},"locations":[{"start":{"line":39,"column":58},"end":{"line":48,"column":1}}]},"12":{"type":"branch","line":39,"loc":{"start":{"line":39,"column":58},"end":{"line":41,"column":19}},"locations":[{"start":{"line":39,"column":58},"end":{"line":41,"column":19}}]},"13":{"type":"branch","line":41,"loc":{"start":{"line":41,"column":19},"end":{"line":41,"column":55}},"locations":[{"start":{"line":41,"column":19},"end":{"line":41,"column":55}}]},"14":{"type":"branch","line":41,"loc":{"start":{"line":41,"column":54},"end":{"line":43,"column":23}},"locations":[{"start":{"line":41,"column":54},"end":{"line":43,"column":23}}]},"15":{"type":"branch","line":43,"loc":{"start":{"line":43,"column":23},"end":{"line":43,"column":34}},"locations":[{"start":{"line":43,"column":23},"end":{"line":43,"column":34}}]},"16":{"type":"branch","line":43,"loc":{"start":{"line":43,"column":32},"end":{"line":46,"column":34}},"locations":[{"start":{"line":43,"column":32},"end":{"line":46,"column":34}}]},"17":{"type":"branch","line":44,"loc":{"start":{"line":44,"column":23},"end":{"line":44,"column":34}},"locations":[{"start":{"line":44,"column":23},"end":{"line":44,"column":34}}]},"18":{"type":"branch","line":44,"loc":{"start":{"line":44,"column":33},"end":{"line":46,"column":34}},"locations":[{"start":{"line":44,"column":33},"end":{"line":46,"column":34}}]},"19":{"type":"branch","line":45,"loc":{"start":{"line":45,"column":23},"end":{"line":45,"column":34}},"locations":[{"start":{"line":45,"column":23},"end":{"line":45,"column":34}}]},"20":{"type":"branch","line":45,"loc":{"start":{"line":45,"column":32},"end":{"line":46,"column":34}},"locations":[{"start":{"line":45,"column":32},"end":{"line":46,"column":34}}]},"21":{"type":"branch","line":46,"loc":{"start":{"line":46,"column":23},"end":{"line":46,"column":34}},"locations":[{"start":{"line":46,"column":23},"end":{"line":46,"column":34}}]},"22":{"type":"branch","line":46,"loc":{"start":{"line":46,"column":33},"end":{"line":48,"column":1}},"locations":[{"start":{"line":46,"column":33},"end":{"line":48,"column":1}}]}},"b":{"0":[3],"1":[1713],"2":[120],"3":[120],"4":[36],"5":[24],"6":[12],"7":[36],"8":[120],"9":[12],"10":[6],"11":[7],"12":[6],"13":[0],"14":[6],"15":[1],"16":[5],"17":[1],"18":[4],"19":[1],"20":[3],"21":[1],"22":[6]},"fnMap":{"0":{"name":"fetchSeasonalityData","decl":{"start":{"line":1,"column":7},"end":{"line":16,"column":1}},"loc":{"start":{"line":1,"column":7},"end":{"line":16,"column":1}},"line":1},"1":{"name":"calculateMonthlyReturns","decl":{"start":{"line":18,"column":7},"end":{"line":36,"column":1}},"loc":{"start":{"line":18,"column":7},"end":{"line":36,"column":1}},"line":18},"2":{"name":"getSeasonalityScore","decl":{"start":{"line":38,"column":7},"end":{"line":48,"column":1}},"loc":{"start":{"line":38,"column":7},"end":{"line":48,"column":1}},"line":38}},"f":{"0":0,"1":3,"2":12}}
,"/Users/Adam_Sadowski/Coding/projects/gpw-analyzer/src/indicators/sectorCorrelation.js": {"path":"/Users/Adam_Sadowski/Coding/projects/gpw-analyzer/src/indicators/sectorCorrelation.js","all":false,"statementMap":{"0":{"start":{"line":1,"column":0},"end":{"line":1,"column":17}},"1":{"start":{"line":2,"column":0},"end":{"line":2,"column":8}},"2":{"start":{"line":3,"column":0},"end":{"line":3,"column":126}},"3":{"start":{"line":4,"column":0},"end":{"line":4,"column":63}},"4":{"start":{"line":5,"column":0},"end":{"line":5,"column":63}},"5":{"start":{"line":6,"column":0},"end":{"line":6,"column":64}},"6":{"start":{"line":7,"column":0},"end":{"line":7,"column":81}},"7":{"start":{"line":8,"column":0},"end":{"line":8,"column":63}},"8":{"start":{"line":9,"column":0},"end":{"line":9,"column":27}},"9":{"start":{"line":10,"column":0},"end":{"line":10,"column":36}},"10":{"start":{"line":11,"column":0},"end":{"line":11,"column":216}},"11":{"start":{"line":12,"column":0},"end":{"line":12,"column":4}},"12":{"start":{"line":13,"column":0},"end":{"line":13,"column":9}},"13":{"start":{"line":14,"column":0},"end":{"line":14,"column":198}},"14":{"start":{"line":15,"column":0},"end":{"line":15,"column":84}},"15":{"start":{"line":16,"column":0},"end":{"line":16,"column":121}},"16":{"start":{"line":17,"column":0},"end":{"line":17,"column":74}},"17":{"start":{"line":18,"column":0},"end":{"line":18,"column":45}},"18":{"start":{"line":19,"column":0},"end":{"line":19,"column":53}},"19":{"start":{"line":20,"column":0},"end":{"line":20,"column":52}},"20":{"start":{"line":21,"column":0},"end":{"line":21,"column":137}},"21":{"start":{"line":22,"column":0},"end":{"line":22,"column":4}},"22":{"start":{"line":23,"column":0},"end":{"line":23,"column":1}},"24":{"start":{"line":25,"column":0},"end":{"line":25,"column":53}},"25":{"start":{"line":26,"column":0},"end":{"line":26,"column":46}},"26":{"start":{"line":27,"column":0},"end":{"line":27,"column":56}},"27":{"start":{"line":28,"column":0},"end":{"line":28,"column":89}},"28":{"start":{"line":29,"column":0},"end":{"line":29,"column":3}},"29":{"start":{"line":30,"column":0},"end":{"line":30,"column":16}},"30":{"start":{"line":31,"column":0},"end":{"line":31,"column":1}},"32":{"start":{"line":33,"column":0},"end":{"line":33,"column":75}},"33":{"start":{"line":34,"column":0},"end":{"line":34,"column":45}},"34":{"start":{"line":35,"column":0},"end":{"line":35,"column":44}},"35":{"start":{"line":36,"column":0},"end":{"line":36,"column":81}},"36":{"start":{"line":37,"column":0},"end":{"line":37,"column":3}},"37":{"start":{"line":38,"column":0},"end":{"line":38,"column":33}},"38":{"start":{"line":39,"column":0},"end":{"line":39,"column":97}},"39":{"start":{"line":40,"column":0},"end":{"line":40,"column":81}},"40":{"start":{"line":41,"column":0},"end":{"line":41,"column":81}},"41":{"start":{"line":42,"column":0},"end":{"line":42,"column":74}},"42":{"start":{"line":43,"column":0},"end":{"line":43,"column":1}},"44":{"start":{"line":45,"column":0},"end":{"line":45,"column":74}},"45":{"start":{"line":46,"column":0},"end":{"line":46,"column":44}},"46":{"start":{"line":47,"column":0},"end":{"line":47,"column":46}},"47":{"start":{"line":48,"column":0},"end":{"line":48,"column":41}},"48":{"start":{"line":49,"column":0},"end":{"line":49,"column":35}},"49":{"start":{"line":50,"column":0},"end":{"line":50,"column":22}},"50":{"start":{"line":51,"column":0},"end":{"line":51,"column":44}},"51":{"start":{"line":52,"column":0},"end":{"line":52,"column":20}},"52":{"start":{"line":53,"column":0},"end":{"line":53,"column":1}},"54":{"start":{"line":55,"column":0},"end":{"line":55,"column":41}},"55":{"start":{"line":56,"column":0},"end":{"line":56,"column":61}},"56":{"start":{"line":57,"column":0},"end":{"line":57,"column":92}},"57":{"start":{"line":58,"column":0},"end":{"line":58,"column":90}},"58":{"start":{"line":59,"column":0},"end":{"line":59,"column":11}},"59":{"start":{"line":60,"column":0},"end":{"line":60,"column":1}}},"s":{"0":1,"1":1,"2":1,"3":1,"4":1,"5":1,"6":1,"7":1,"8":1,"9":1,"10":1,"11":1,"12":1,"13":1,"14":1,"15":1,"16":1,"17":1,"18":1,"19":1,"20":1,"21":1,"22":1,"24":1,"25":24,"26":24,"27":45,"28":45,"29":1,"30":1,"32":1,"33":4,"34":4,"35":5,"36":4,"37":4,"38":4,"39":4,"40":4,"41":1,"42":1,"44":1,"45":7,"46":7,"47":7,"48":7,"49":7,"50":7,"51":7,"52":7,"54":1,"55":3,"56":3,"57":3,"58":1,"59":1},"branchMap":{"0":{"type":"branch","line":25,"loc":{"start":{"line":25,"column":7},"end":{"line":31,"column":1}},"locations":[{"start":{"line":25,"column":7},"end":{"line":31,"column":1}}]},"1":{"type":"branch","line":26,"loc":{"start":{"line":26,"column":32},"end":{"line":26,"column":46}},"locations":[{"start":{"line":26,"column":32},"end":{"line":26,"column":46}}]},"2":{"type":"branch","line":27,"loc":{"start":{"line":27,"column":55},"end":{"line":29,"column":3}},"locations":[{"start":{"line":27,"column":55},"end":{"line":29,"column":3}}]},"3":{"type":"branch","line":28,"loc":{"start":{"line":28,"column":47},"end":{"line":28,"column":74}},"locations":[{"start":{"line":28,"column":47},"end":{"line":28,"column":74}}]},"4":{"type":"branch","line":28,"loc":{"start":{"line":28,"column":76},"end":{"line":28,"column":89}},"locations":[{"start":{"line":28,"column":76},"end":{"line":28,"column":89}}]},"5":{"type":"branch","line":29,"loc":{"start":{"line":29,"column":2},"end":{"line":31,"column":1}},"locations":[{"start":{"line":29,"column":2},"end":{"line":31,"column":1}}]},"6":{"type":"branch","line":33,"loc":{"start":{"line":33,"column":7},"end":{"line":43,"column":1}},"locations":[{"start":{"line":33,"column":7},"end":{"line":43,"column":1}}]},"7":{"type":"branch","line":40,"loc":{"start":{"line":40,"column":19},"end":{"line":41,"column":19}},"locations":[{"start":{"line":40,"column":19},"end":{"line":41,"column":19}}]},"8":{"type":"branch","line":41,"loc":{"start":{"line":41,"column":19},"end":{"line":43,"column":1}},"locations":[{"start":{"line":41,"column":19},"end":{"line":43,"column":1}}]},"9":{"type":"branch","line":35,"loc":{"start":{"line":35,"column":40},"end":{"line":36,"column":81}},"locations":[{"start":{"line":35,"column":40},"end":{"line":36,"column":81}}]},"10":{"type":"branch","line":36,"loc":{"start":{"line":36,"column":24},"end":{"line":36,"column":81}},"locations":[{"start":{"line":36,"column":24},"end":{"line":36,"column":81}}]},"11":{"type":"branch","line":36,"loc":{"start":{"line":36,"column":58},"end":{"line":36,"column":69}},"locations":[{"start":{"line":36,"column":58},"end":{"line":36,"column":69}}]},"12":{"type":"branch","line":39,"loc":{"start":{"line":39,"column":31},"end":{"line":39,"column":96}},"locations":[{"start":{"line":39,"column":31},"end":{"line":39,"column":96}}]},"13":{"type":"branch","line":45,"loc":{"start":{"line":45,"column":7},"end":{"line":53,"column":1}},"locations":[{"start":{"line":45,"column":7},"end":{"line":53,"column":1}}]},"14":{"type":"branch","line":47,"loc":{"start":{"line":47,"column":32},"end":{"line":47,"column":46}},"locations":[{"start":{"line":47,"column":32},"end":{"line":47,"column":46}}]},"15":{"type":"branch","line":48,"loc":{"start":{"line":48,"column":36},"end":{"line":48,"column":41}},"locations":[{"start":{"line":48,"column":36},"end":{"line":48,"column":41}}]},"16":{"type":"branch","line":51,"loc":{"start":{"line":51,"column":12},"end":{"line":51,"column":43}},"locations":[{"start":{"line":51,"column":12},"end":{"line":51,"column":43}}]},"17":{"type":"branch","line":51,"loc":{"start":{"line":51,"column":28},"end":{"line":51,"column":43}},"locations":[{"start":{"line":51,"column":28},"end":{"line":51,"column":43}}]},"18":{"type":"branch","line":55,"loc":{"start":{"line":55,"column":7},"end":{"line":60,"column":1}},"locations":[{"start":{"line":55,"column":7},"end":{"line":60,"column":1}}]},"19":{"type":"branch","line":56,"loc":{"start":{"line":56,"column":29},"end":{"line":56,"column":35}},"locations":[{"start":{"line":56,"column":29},"end":{"line":56,"column":35}}]},"20":{"type":"branch","line":57,"loc":{"start":{"line":57,"column":20},"end":{"line":57,"column":92}},"locations":[{"start":{"line":57,"column":20},"end":{"line":57,"column":92}}]},"21":{"type":"branch","line":57,"loc":{"start":{"line":57,"column":91},"end":{"line":58,"column":20}},"locations":[{"start":{"line":57,"column":91},"end":{"line":58,"column":20}}]},"22":{"type":"branch","line":58,"loc":{"start":{"line":58,"column":20},"end":{"line":60,"column":1}},"locations":[{"start":{"line":58,"column":20},"end":{"line":60,"column":1}}]}},"b":{"0":[24],"1":[0],"2":[45],"3":[25],"4":[23],"5":[1],"6":[4],"7":[2],"8":[1],"9":[5],"10":[4],"11":[0],"12":[3],"13":[7],"14":[0],"15":[0],"16":[74],"17":[68],"18":[3],"19":[0],"20":[1],"21":[2],"22":[1]},"fnMap":{"0":{"name":"getSector","decl":{"start":{"line":25,"column":7},"end":{"line":31,"column":1}},"loc":{"start":{"line":25,"column":7},"end":{"line":31,"column":1}},"line":25},"1":{"name":"checkSectorExposure","decl":{"start":{"line":33,"column":7},"end":{"line":43,"column":1}},"loc":{"start":{"line":33,"column":7},"end":{"line":43,"column":1}},"line":33},"2":{"name":"getCorrelatedStocks","decl":{"start":{"line":45,"column":7},"end":{"line":53,"column":1}},"loc":{"start":{"line":45,"column":7},"end":{"line":53,"column":1}},"line":45},"3":{"name":"formatSectorLine","decl":{"start":{"line":55,"column":7},"end":{"line":60,"column":1}},"loc":{"start":{"line":55,"column":7},"end":{"line":60,"column":1}},"line":55}},"f":{"0":24,"1":4,"2":7,"3":3}}
[...]
mn":47},"end":{"line":25,"column":3}}]},"12":{"type":"branch","line":27,"loc":{"start":{"line":27,"column":32},"end":{"line":32,"column":3}},"locations":[{"start":{"line":27,"column":32},"end":{"line":32,"column":3}}]},"13":{"type":"branch","line":31,"loc":{"start":{"line":31,"column":29},"end":{"line":31,"column":82}},"locations":[{"start":{"line":31,"column":29},"end":{"line":31,"column":82}}]},"14":{"type":"branch","line":31,"loc":{"start":{"line":31,"column":83},"end":{"line":31,"column":89}},"locations":[{"start":{"line":31,"column":83},"end":{"line":31,"column":89}}]},"15":{"type":"branch","line":36,"loc":{"start":{"line":36,"column":31},"end":{"line":40,"column":3}},"locations":[{"start":{"line":36,"column":31},"end":{"line":40,"column":3}}]},"16":{"type":"branch","line":37,"loc":{"start":{"line":37,"column":25},"end":{"line":37,"column":40}},"locations":[{"start":{"line":37,"column":25},"end":{"line":37,"column":40}}]},"17":{"type":"branch","line":39,"loc":{"start":{"line":39,"column":26},"end":{"line":39,"column":42}},"locations":[{"start":{"line":39,"column":26},"end":{"line":39,"column":42}}]},"18":{"type":"branch","line":45,"loc":{"start":{"line":45,"column":26},"end":{"line":51,"column":3}},"locations":[{"start":{"line":45,"column":26},"end":{"line":51,"column":3}}]},"19":{"type":"branch","line":47,"loc":{"start":{"line":47,"column":24},"end":{"line":47,"column":76}},"locations":[{"start":{"line":47,"column":24},"end":{"line":47,"column":76}}]},"20":{"type":"branch","line":49,"loc":{"start":{"line":49,"column":23},"end":{"line":49,"column":43}},"locations":[{"start":{"line":49,"column":23},"end":{"line":49,"column":43}}]},"21":{"type":"branch","line":62,"loc":{"start":{"line":62,"column":42},"end":{"line":62,"column":109}},"locations":[{"start":{"line":62,"column":42},"end":{"line":62,"column":109}}]},"22":{"type":"branch","line":62,"loc":{"start":{"line":62,"column":110},"end":{"line":62,"column":116}},"locations":[{"start":{"line":62,"column":110},"end":{"line":62,"column":116}}]},"23":{"type":"branch","line":63,"loc":{"start":{"line":63,"column":42},"end":{"line":63,"column":109}},"locations":[{"start":{"line":63,"column":42},"end":{"line":63,"column":109}}]},"24":{"type":"branch","line":63,"loc":{"start":{"line":63,"column":110},"end":{"line":63,"column":116}},"locations":[{"start":{"line":63,"column":110},"end":{"line":63,"column":116}}]},"25":{"type":"branch","line":8,"loc":{"start":{"line":8,"column":32},"end":{"line":8,"column":50}},"locations":[{"start":{"line":8,"column":32},"end":{"line":8,"column":50}}]},"26":{"type":"branch","line":9,"loc":{"start":{"line":9,"column":32},"end":{"line":9,"column":51}},"locations":[{"start":{"line":9,"column":32},"end":{"line":9,"column":51}}]},"27":{"type":"branch","line":12,"loc":{"start":{"line":12,"column":64},"end":{"line":12,"column":87}},"locations":[{"start":{"line":12,"column":64},"end":{"line":12,"column":87}}]},"28":{"type":"branch","line":13,"loc":{"start":{"line":13,"column":66},"end":{"line":13,"column":89}},"locations":[{"start":{"line":13,"column":66},"end":{"line":13,"column":89}}]},"29":{"type":"branch","line":14,"loc":{"start":{"line":14,"column":65},"end":{"line":14,"column":88}},"locations":[{"start":{"line":14,"column":65},"end":{"line":14,"column":88}}]},"30":{"type":"branch","line":16,"loc":{"start":{"line":16,"column":38},"end":{"line":16,"column":61}},"locations":[{"start":{"line":16,"column":38},"end":{"line":16,"column":61}}]},"31":{"type":"branch","line":17,"loc":{"start":{"line":17,"column":46},"end":{"line":17,"column":69}},"locations":[{"start":{"line":17,"column":46},"end":{"line":17,"column":69}}]},"32":{"type":"branch","line":28,"loc":{"start":{"line":28,"column":42},"end":{"line":28,"column":57}},"locations":[{"start":{"line":28,"column":42},"end":{"line":28,"column":57}}]},"33":{"type":"branch","line":29,"loc":{"start":{"line":29,"column":42},"end":{"line":29,"column":71}},"locations":[{"start":{"line":29,"column":42},"end":{"line":29,"column":71}}]},"34":{"type":"branch","line":54,"loc":{"start":{"line":54,"column":9},"end":{"line":60,"column":6}},"locations":[{"start":{"line":54,"column":9},"end":{"line":60,"column":6}}]},"35":{"type":"branch","line":58,"loc":{"start":{"line":58,"column":70},"end":{"line":58,"column":73}},"locations":[{"start":{"line":58,"column":70},"end":{"line":58,"column":73}}]},"36":{"type":"branch","line":65,"loc":{"start":{"line":65,"column":34},"end":{"line":65,"column":65}},"locations":[{"start":{"line":65,"column":34},"end":{"line":65,"column":65}}]},"37":{"type":"branch","line":89,"loc":{"start":{"line":89,"column":7},"end":{"line":137,"column":1}},"locations":[{"start":{"line":89,"column":7},"end":{"line":137,"column":1}}]},"38":{"type":"branch","line":90,"loc":{"start":{"line":90,"column":39},"end":{"line":90,"column":86}},"locations":[{"start":{"line":90,"column":39},"end":{"line":90,"column":86}}]},"39":{"type":"branch","line":90,"loc":{"start":{"line":90,"column":85},"end":{"line":92,"column":28}},"locations":[{"start":{"line":90,"column":85},"end":{"line":92,"column":28}}]},"40":{"type":"branch","line":92,"loc":{"start":{"line":92,"column":28},"end":{"line":94,"column":3}},"locations":[{"start":{"line":92,"column":28},"end":{"line":94,"column":3}}]},"41":{"type":"branch","line":101,"loc":{"start":{"line":101,"column":44},"end":{"line":134,"column":3}},"locations":[{"start":{"line":101,"column":44},"end":{"line":134,"column":3}}]},"42":{"type":"branch","line":104,"loc":{"start":{"line":104,"column":17},"end":{"line":119,"column":5}},"locations":[{"start":{"line":104,"column":17},"end":{"line":119,"column":5}}]},"43":{"type":"branch","line":109,"loc":{"start":{"line":109,"column":58},"end":{"line":109,"column":117}},"locations":[{"start":{"line":109,"column":58},"end":{"line":109,"column":117}}]},"44":{"type":"branch","line":110,"loc":{"start":{"line":110,"column":59},"end":{"line":110,"column":118}},"locations":[{"start":{"line":110,"column":59},"end":{"line":110,"column":118}}]},"45":{"type":"branch","line":111,"loc":{"start":{"line":111,"column":31},"end":{"line":111,"column":45}},"locations":[{"start":{"line":111,"column":31},"end":{"line":111,"column":45}}]},"46":{"type":"branch","line":111,"loc":{"start":{"line":111,"column":59},"end":{"line":111,"column":118}},"locations":[{"start":{"line":111,"column":59},"end":{"line":111,"column":118}}]},"47":{"type":"branch","line":113,"loc":{"start":{"line":113,"column":22},"end":{"line":118,"column":7}},"locations":[{"start":{"line":113,"column":22},"end":{"line":118,"column":7}}]},"48":{"type":"branch","line":121,"loc":{"start":{"line":121,"column":18},"end":{"line":131,"column":5}},"locations":[{"start":{"line":121,"column":18},"end":{"line":131,"column":5}}]},"49":{"type":"branch","line":123,"loc":{"start":{"line":123,"column":15},"end":{"line":130,"column":7}},"locations":[{"start":{"line":123,"column":15},"end":{"line":130,"column":7}}]},"50":{"type":"branch","line":134,"loc":{"start":{"line":134,"column":2},"end":{"line":137,"column":1}},"locations":[{"start":{"line":134,"column":2},"end":{"line":137,"column":1}}]},"51":{"type":"branch","line":92,"loc":{"start":{"line":92,"column":32},"end":{"line":93,"column":61}},"locations":[{"start":{"line":92,"column":32},"end":{"line":93,"column":61}}]}},"b":{"0":[4],"1":[2],"2":[2],"3":[2],"4":[2],"5":[2],"6":[2],"7":[2],"8":[2],"9":[2],"10":[2],"11":[9],"12":[2],"13":[1],"14":[1],"15":[13],"16":[1],"17":[2],"18":[9],"19":[2],"20":[5],"21":[2],"22":[2],"23":[2],"24":[2],"25":[9],"26":[9],"27":[9],"28":[5],"29":[4],"30":[5],"31":[4],"32":[9],"33":[9],"34":[2],"35":[0],"36":[12],"37":[5],"38":[1],"39":[4],"40":[0],"41":[26],"42":[3],"43":[0],"44":[0],"45":[1],"46":[1],"47":[1],"48":[24],"49":[2],"50":[4],"51":[0]},"fnMap":{"0":{"name":"calcMetrics","decl":{"start":{"line":7,"column":7},"end":{"line":76,"column":1}},"loc":{"start":{"line":7,"column":7},"end":{"line":76,"column":1}},"line":7},"1":{"name":"runSimulation","decl":{"start":{"line":89,"column":7},"end":{"line":137,"column":1}},"loc":{"start":{"line":89,"column":7},"end":{"line":137,"column":1}},"line":89}},"f":{"0":4,"1":5}}
,"/Users/Adam_Sadowski/Coding/projects/gpw-analyzer/src/lib/kvHistory.js": {"path":"/Users/Adam_Sadowski/Coding/projects/gpw-analyzer/src/lib/kvHistory.js","all":false,"statementMap":{"0":{"start":{"line":1,"column":0},"end":{"line":1,"column":25}},"1":{"start":{"line":2,"column":0},"end":{"line":2,"column":67}},"2":{"start":{"line":3,"column":0},"end":{"line":3,"column":67}},"3":{"start":{"line":4,"column":0},"end":{"line":4,"column":67}},"4":{"start":{"line":5,"column":0},"end":{"line":5,"column":1}},"6":{"start":{"line":7,"column":0},"end":{"line":7,"column":26}},"7":{"start":{"line":8,"column":0},"end":{"line":8,"column":24}},"8":{"start":{"line":9,"column":0},"end":{"line":9,"column":25}},"9":{"start":{"line":10,"column":0},"end":{"line":10,"column":37}},"10":{"start":{"line":11,"column":0},"end":{"line":11,"column":1}},"12":{"start":{"line":13,"column":0},"end":{"line":13,"column":24}},"13":{"start":{"line":14,"column":0},"end":{"line":14,"column":44}},"14":{"start":{"line":15,"column":0},"end":{"line":15,"column":44}},"15":{"start":{"line":16,"column":0},"end":{"line":16,"column":44}},"16":{"start":{"line":17,"column":0},"end":{"line":17,"column":1}},"18":{"start":{"line":19,"column":0},"end":{"line":19,"column":38}},"19":{"start":{"line":20,"column":0},"end":{"line":20,"column":68}},"20":{"start":{"line":21,"column":0},"end":{"line":21,"column":36}},"21":{"start":{"line":22,"column":0},"end":{"line":22,"column":1}},"23":{"start":{"line":24,"column":0},"end":{"line":24,"column":68}},"24":{"start":{"line":25,"column":0},"end":{"line":25,"column":42}},"25":{"start":{"line":26,"column":0},"end":{"line":26,"column":82}},"26":{"start":{"line":27,"column":0},"end":{"line":27,"column":7}},"27":{"start":{"line":28,"column":0},"end":{"line":28,"column":70}},"28":{"start":{"line":29,"column":0},"end":{"line":29,"column":37}},"29":{"start":{"line":30,"column":0},"end":{"line":30,"column":62}},"30":{"start":{"line":31,"column":0},"end":{"line":31,"column":101}},"31":{"start":{"line":32,"column":0},"end":{"line":32,"column":83}},"32":{"start":{"line":33,"column":0},"end":{"line":33,"column":89}},"33":{"start":{"line":34,"column":0},"end":{"line":34,"column":25}},"34":{"start":{"line":35,"column":0},"end":{"line":35,"column":100}},"35":{"start":{"line":36,"column":0},"end":{"line":36,"column":72}},"36":{"start":{"line":37,"column":0},"end":{"line":37,"column":11}},"37":{"start":{"line":38,"column":0},"end":{"line":38,"column":19}},"38":{"start":{"line":39,"column":0},"end":{"line":39,"column":3}},"39":{"start":{"line":40,"column":0},"end":{"line":40,"column":1}},"41":{"start":{"line":42,"column":0},"end":{"line":42,"column":69}},"42":{"start":{"line":43,"column":0},"end":{"line":43,"column":89}},"43":{"start":{"line":44,"column":0},"end":{"line":44,"column":7}},"44":{"start":{"line":45,"column":0},"end":{"line":45,"column":70}},"45":{"start":{"line":46,"column":0},"end":{"line":46,"column":37}},"46":{"start":{"line":47,"column":0},"end":{"line":47,"column":62}},"47":{"start":{"line":48,"column":0},"end":{"line":48,"column":93}},"48":{"start":{"line":49,"column":0},"end":{"line":49,"column":77}},"49":{"start":{"line":50,"column":0},"end":{"line":50,"column":78}},"50":{"start":{"line":51,"column":0},"end":{"line":51,"column":38}},"51":{"start":{"line":52,"column":0},"end":{"line":52,"column":59}},"52":{"start":{"line":53,"column":0},"end":{"line":53,"column":58}},"53":{"start":{"line":54,"column":0},"end":{"line":54,"column":99}},"54":{"start":{"line":55,"column":0},"end":{"line":55,"column":11}},"55":{"start":{"line":56,"column":0},"end":{"line":56,"column":19}},"56":{"start":{"line":57,"column":0},"end":{"line":57,"column":3}},"57":{"start":{"line":58,"column":0},"end":{"line":58,"column":1}}},"s":{"0":1,"1":1,"2":1,"3":1,"4":1,"6":1,"7":1,"8":1,"9":1,"10":1,"12":1,"13":1,"14":1,"15":1,"16":1,"18":1,"19":1,"20":1,"21":1,"23":1,"24":4,"25":4,"26":4,"27":4,"28":4,"29":3,"30":3,"31":4,"32":2,"33":2,"34":2,"35":2,"36":4,"37":0,"38":0,"39":4,"41":1,"42":2,"43":2,"44":2,"45":2,"46":1,"47":1,"48":2,"49":1,"50":1,"51":1,"52":1,"53":1,"54":2,"55":0,"56":0,"57":2},"branchMap":{"0":{"type":"branch","line":19,"loc":{"start":{"line":19,"column":0},"end":{"line":22,"column":1}},"locations":[{"start":{"line":19,"column":0},"end":{"line":22,"column":1}}]},"1":{"type":"branch","line":20,"loc":{"start":{"line":20,"column":14},"end":{"line":20,"column":68}},"locations":[{"start":{"line":20,"column":14},"end":{"line":20,"column":68}}]},"2":{"type":"branch","line":20,"loc":{"start":{"line":20,"column":39},"end":{"line":20,"column":68}},"locations":[{"start":{"line":20,"column":39},"end":{"line":20,"column":68}}]},"3":{"type":"branch","line":24,"loc":{"start":{"line":24,"column":7},"end":{"line":40,"column":1}},"locations":[{"start":{"line":24,"column":7},"end":{"line":40,"column":1}}]},"4":{"type":"branch","line":29,"loc":{"start":{"line":29,"column":22},"end":{"line":29,"column":37}},"locations":[{"start":{"line":29,"column":22},"end":{"line":29,"column":37}}]},"5":{"type":"branch","line":29,"loc":{"start":{"line":29,"column":29},"end":{"line":32,"column":32}},"locations":[{"start":{"line":29,"column":29},"end":{"line":32,"column":32}}]},"6":{"type":"branch","line":32,"loc":{"start":{"line":32,"column":32},"end":{"line":32,"column":83}},"locations":[{"start":{"line":32,"column":32},"end":{"line":32,"column":83}}]},"7":{"type":"branch","line":32,"loc":{"start":{"line":32,"column":82},"end":{"line":37,"column":4}},"locations":[{"start":{"line":32,"column":82},"end":{"line":37,"column":4}}]},"8":{"type":"branch","line":37,"loc":{"start":{"line":37,"column":4},"end":{"line":39,"column":3}},"locations":[{"start":{"line":37,"column":4},"end":{"line":39,"column":3}}]},"9":{"type":"branch","line":30,"loc":{"start":{"line":30,"column":46},"end":{"line":30,"column":60}},"locations":[{"start":{"line":30,"column":46},"end":{"line":30,"column":60}}]},"10":{"type":"branch","line":31,"loc":{"start":{"line":31,"column":38},"end":{"line":31,"column":100}},"locations":[{"start":{"line":31,"column":38},"end":{"line":31,"column":100}}]},"11":{"type":"branch","line":33,"loc":{"start":{"line":33,"column":35},"end":{"line":33,"column":64}},"locations":[{"start":{"line":33,"column":35},"end":{"line":33,"column":64}}]},"12":{"type":"branch","line":42,"loc":{"start":{"line":42,"column":7},"end":{"line":58,"column":1}},"locations":[{"start":{"line":42,"column":7},"end":{"line":58,"column":1}}]},"13":{"type":"branch","line":46,"loc":{"start":{"line":46,"column":22},"end":{"line":49,"column":29}},"locations":[{"start":{"line":46,"column":22},"end":{"line":49,"column":29}}]},"14":{"type":"branch","line":49,"loc":{"start":{"line":49,"column":29},"end":{"line":49,"column":77}},"locations":[{"start":{"line":49,"column":29},"end":{"line":49,"column":77}}]},"15":{"type":"branch","line":49,"loc":{"start":{"line":49,"column":76},"end":{"line":55,"column":4}},"locations":[{"start":{"line":49,"column":76},"end":{"line":55,"column":4}}]},"16":{"type":"branch","line":55,"loc":{"start":{"line":55,"column":4},"end":{"line":57,"column":3}},"locations":[{"start":{"line":55,"column":4},"end":{"line":57,"column":3}}]},"17":{"type":"branch","line":47,"loc":{"start":{"line":47,"column":46},"end":{"line":47,"column":60}},"locations":[{"start":{"line":47,"column":46},"end":{"line":47,"column":60}}]},"18":{"type":"branch","line":48,"loc":{"start":{"line":48,"column":35},"end":{"line":48,"column":92}},"locations":[{"start":{"line":48,"column":35},"end":{"line":48,"column":92}}]},"19":{"type":"branch","line":50,"loc":{"start":{"line":50,"column":32},"end":{"line":50,"column":56}},"locations":[{"start":{"line":50,"column":32},"end":{"line":50,"column":56}}]}},"b":{"0":[1],"1":[2],"2":[0],"3":[4],"4":[1],"5":[3],"6":[1],"7":[2],"8":[0],"9":[7],"10":[7],"11":[6],"12":[2],"13":[1],"14":[0],"15":[1],"16":[0],"17":[3],"18":[3],"19":[3]},"fnMap":{"0":{"name":"formatDaysRange","decl":{"start":{"line":19,"column":0},"end":{"line":22,"column":1}},"loc":{"start":{"line":19,"column":0},"end":{"line":22,"column":1}},"line":19},"1":{"name":"fmt","decl":{"start":{"line":20,"column":14},"end":{"line":20,"column":68}},"loc":{"start":{"line":20,"column":14},"end":{"line":20,"column":68}},"line":20},"2":{"name":"calcDynamicTarget","decl":{"start":{"line":24,"column":7},"end":{"line":40,"column":1}},"loc":{"start":{"line":24,"column":7},"end":{"line":40,"column":1}},"line":24},"3":{"name":"calcDynamicHorizon","decl":{"start":{"line":42,"column":7},"end":{"line":58,"column":1}},"loc":{"start":{"line":42,"column":7},"end":{"line":58,"column":1}},"line":42}},"f":{"0":1,"1":2,"2":4,"3":2}}
,"/Users/Adam_Sadowski/Coding/projects/gpw-analyzer/src/lib/trailingStop.js": {"path":"/Users/Adam_Sadowski/Coding/projects/gpw-analyzer/src/lib/trailingStop.js","all":false,"statementMap":{"0":{"start":{"line":1,"column":0},"end":{"line":1,"column":3}},"1":{"start":{"line":2,"column":0},"end":{"line":2,"column":71}},"2":{"start":{"line":3,"column":0},"end":{"line":3,"column":56}},"3":{"start":{"line":4,"column":0},"end":{"line":4,"column":2}},"4":{"start":{"line":5,"column":0},"end":{"line":5,"column":29}},"5":{"start":{"line":6,"column":0},"end":{"line":6,"column":31}},"6":{"start":{"line":7,"column":0},"end":{"line":7,"column":64}},"7":{"start":{"line":8,"column":0},"end":{"line":8,"column":74}},"8":{"start":{"line":9,"column":0},"end":{"line":9,"column":72}},"9":{"start":{"line":10,"column":0},"end":{"line":10,"column":92}},"10":{"start":{"line":11,"column":0},"end":{"line":11,"column":3}},"11":{"start":{"line":12,"column":0},"end":{"line":12,"column":95}},"12":{"start":{"line":13,"column":0},"end":{"line":13,"column":48}},"14":{"start":{"line":15,"column":0},"end":{"line":15,"column":36}},"15":{"start":{"line":16,"column":0},"end":{"line":16,"column":70}},"16":{"start":{"line":17,"column":0},"end":{"line":17,"column":64}},"17":{"start":{"line":18,"column":0},"end":{"line":18,"column":70}},"18":{"start":{"line":19,"column":0},"end":{"line":19,"column":92}},"20":{"start":{"line":21,"column":0},"end":{"line":21,"column":59}},"21":{"start":{"line":22,"column":0},"end":{"line":22,"column":1}}},"s":{"0":1,"1":1,"2":1,"3":1,"4":1,"5":1,"6":1,"7":1,"8":1,"9":1,"10":1,"11":1,"12":5,"14":4,"15":4,"16":4,"17":5,"18":5,"20":5,"21":5},"branchMap":{"0":{"type":"branch","line":12,"loc":{"start":{"line":12,"column":7},"end":{"line":22,"column":1}},"locations":[{"start":{"line":12,"column":7},"end":{"line":22,"column":1}}]},"1":{"type":"branch","line":13,"loc":{"start":{"line":13,"column":37},"end":{"line":13,"column":48}},"locations":[{"start":{"line":13,"column":37},"end":{"line":13,"column":48}}]},"2":{"type":"branch","line":13,"loc":{"start":{"line":13,"column":44},"end":{"line":18,"column":51}},"locations":[{"start":{"line":13,"column":44},"end":{"line":18,"column":51}}]},"3":{"type":"branch","line":18,"loc":{"start":{"line":18,"column":51},"end":{"line":18,"column":63}},"locations":[{"start":{"line":18,"column":51},"end":{"line":18,"column":63}}]},"4":{"type":"branch","line":18,"loc":{"start":{"line":18,"column":64},"end":{"line":18,"column":70}},"locations":[{"start":{"line":18,"column":64},"end":{"line":18,"column":70}}]},"5":{"type":"branch","line":19,"loc":{"start":{"line":19,"column":42},"end":{"line":19,"column":77}},"locations":[{"start":{"line":19,"column":42},"end":{"line":19,"column":77}}]},"6":{"type":"branch","line":19,"loc":{"start":{"line":19,"column":78},"end":{"line":19,"column":92}},"locations":[{"start":{"line":19,"column":78},"end":{"line":19,"column":92}}]}},"b":{"0":[5],"1":[1],"2":[4],"3":[3],"4":[1],"5":[3],"6":[1]},"fnMap":{"0":{"name":"calcTrailingStop","decl":{"start":{"line":12,"column":7},"end":{"line":22,"column":1}},"loc":{"start":{"line":12,"column":7},"end":{"line":22,"column":1}},"line":12}},"f":{"0":5}}
}
