{"total": {"lines":{"total":616,"covered":592,"skipped":0,"pct":96.1},"statements":{"total":616,"covered":592,"skipped":0,"pct":96.1},"functions":{"total":34,"covered":33,"skipped":0,"pct":97.05},"branches":{"total":320,"covered":284,"skipped":0,"pct":88.75},"branchesTrue":{"total":0,"covered":0,"skipped":0,"pct":100}}
,"/Users/Adam_Sadowski/Coding/projects/gpw-analyzer/src/indicators/atr.js": {"lines":{"total":16,"covered":16,"skipped":0,"pct":100},"functions":{"total":1,"covered":1,"skipped":0,"pct":100},"statements":{"total":16,"covered":16,"skipped":0,"pct":100},"branches":{"total":7,"covered":7,"skipped":0,"pct":100}}
,"/Users/Adam_Sadowski/Coding/projects/gpw-analyzer/src/indicators/bollinger.js": {"lines":{"total":29,"covered":29,"skipped":0,"pct":100},"functions":{"total":2,"covered":2,"skipped":0,"pct":100},"statements":{"total":29,"covered":29,"skipped":0,"pct":100},"branches":{"total":18,"covered":17,"skipped":0,"pct":94.44}}
,"/Users/Adam_Sadowski/Coding/projects/gpw-analyzer/src/indicators/macd.js": {"lines":{"total":55,"covered":55,"skipped":0,"pct":100},"functions":{"total":3,"covered":3,"skipped":0,"pct":100},"statements":{"total":55,"covered":55,"skipped":0,"pct":100},"branches":{"total":29,"covered":28,"skipped":0,"pct":96.55}}
,"/Users/Adam_Sadowski/Coding/projects/gpw-analyzer/src/indicators/macroFilter.js": {"lines":{"total":86,"covered":86,"skipped":0,"pct":100},"functions":{"total":7,"covered":7,"skipped":0,"pct":100},"statements":{"total":86,"covered":86,"skipped":0,"pct":100},"branches":{"total":61,"covered":54,"skipped":0,"pct":88.52}}
,"/Users/Adam_Sadowski/Coding/projects/gpw-analyzer/src/indicators/positionSizing.js": {"lines":{"total":31,"covered":31,"skipped":0,"pct":100},"functions":{"total":2,"covered":2,"skipped":0,"pct":100},"statements":{"total":31,"covered":31,"skipped":0,"pct":100},"branches":{"total":17,"covered":12,"skipped":0,"pct":70.58}}
,"/Users/Adam_Sadowski/Coding/projects/gpw-analyzer/src/indicators/rsi.js": {"lines":{"total":20,"covered":20,"skipped":0,"pct":100},"functions":{"total":1,"covered":1,"skipped":0,"pct":100},"statements":{"total":20,"covered":20,"skipped":0,"pct":100},"branches":{"total":13,"covered":13,"skipped":0,"pct":100}}
,"/Users/Adam_Sadowski/Coding/projects/gpw-analyzer/src/indicators/scoring.js": {"lines":{"total":62,"covered":59,"skipped":0,"pct":95.16},"functions":{"total":1,"covered":1,"skipped":0,"pct":100},"statements":{"total":62,"covered":59,"skipped":0,"pct":95.16},"branches":{"total":33,"covered":26,"skipped":0,"pct":78.78}}
,"/Users/Adam_Sadowski/Coding/projects/gpw-analyzer/src/indicators/seasonality.js": {"lines":{"total":46,"covered":31,"skipped":0,"pct":67.39},"functions":{"total":3,"covered":2,"skipped":0,"pct":66.66},"statements":{"total":46,"covered":31,"skipped":0,"pct":67.39},"branches":{"total":23,"covered":22,"skipped":0,"pct":95.65}}
,"/Users/Adam_Sadowski/Coding/projects/gpw-analyzer/src/indicators/sectorCorrelation.js": {"lines":{"total":56,"covered":56,"skipped":0,"pct":100},"functions":{"total":4,"covered":4,"skipped":0,"pct":100},"statements":{"total":56,"covered":56,"skipped":0,"pct":100},"branches":{"total":23,"covered":18,"skipped":0,"pct":78.26}}
,"/Users/Adam_Sadowski/Coding/projects/gpw-analyzer/src/indicators/sma.js": {"lines":{"total":24,"covered":24,"skipped":0,"pct":100},"functions":{"total":3,"covered":3,"skipped":0,"pct":100},"statements":{"total":24,"covered":24,"skipped":0,"pct":100},"branches":{"total":17,"covered":17,"skipped":0,"pct":100}}
,"/Users/Adam_Sadowski/Coding/projects/gpw-analyzer/src/lib/backtester.js": {"lines":{"total":118,"covered":116,"skipped":0,"pct":98.3},"functions":{"total":2,"covered":2,"skipped":0,"pct":100},"statements":{"total":118,"covered":116,"skipped":0,"pct":98.3},"branches":{"total":52,"covered":47,"skipped":0,"pct":90.38}}
,"/Users/Adam_Sadowski/Coding/projects/gpw-analyzer/src/lib/kvHistory.js": {"lines":{"total":53,"covered":49,"skipped":0,"pct":92.45},"functions":{"total":4,"covered":4,"skipped":0,"pct":100},"statements":{"total":53,"covered":49,"skipped":0,"pct":92.45},"branches":{"total":20,"covered":16,"skipped":0,"pct":80}}
,"/Users/Adam_Sadowski/Coding/projects/gpw-analyzer/src/lib/trailingStop.js": {"lines":{"total":20,"covered":20,"skipped":0,"pct":100},"functions":{"total":1,"covered":1,"skipped":0,"pct":100},"statements":{"total":20,"covered":20,"skipped":0,"pct":100},"branches":{"total":7,"covered":7,"skipped":0,"pct":100}}
}
